#
# A fatal error has been detected by the Java Runtime Environment:
#
#  SIGSEGV (0xb) at pc=0x00007f3b5a275660, pid=3683, tid=3711
#
# JRE version: OpenJDK Runtime Environment Temurin-17.0.6+10 (17.0.6+10) (build 17.0.6+10)
# Java VM: OpenJDK 64-Bit Server VM Temurin-17.0.6+10 (17.0.6+10, mixed mode, tiered, compressed oops, compressed class ptrs, parallel gc, linux-amd64)
# Problematic frame:
# V  [libjvm.so+0xc75660]  ParCompactionManager::follow_marking_stacks()+0x1f0
#
# Core dump will be written. Default location: Core dumps may be processed with "/usr/share/apport/apport -p%p -s%s -c%c -d%d -P%P -u%u -g%g -- %E" (or dumping to /home/ruddy/Documents/GitHub/DHM-DISTRIBUIDORA/server/core.3683)
#
# If you would like to submit a bug report, please visit:
#   https://github.com/adoptium/adoptium-support/issues
#

---------------  S U M M A R Y ------------

Command Line: --add-modules=ALL-SYSTEM --add-opens=java.base/java.util=ALL-UNNAMED --add-opens=java.base/java.lang=ALL-UNNAMED --add-opens=java.base/sun.nio.fs=ALL-UNNAMED -Declipse.application=org.eclipse.jdt.ls.core.id1 -Dosgi.bundles.defaultStartLevel=4 -Declipse.product=org.eclipse.jdt.ls.core.product -Djava.import.generatesMetadataFilesAtProjectRoot=false -Dfile.encoding=utf8 -XX:+UseParallelGC -XX:GCTimeRatio=4 -XX:AdaptiveSizePolicyWeight=90 -Dsun.zip.disableMemoryMapping=true -Xmx1G -Xms100m -Xlog:disable -javaagent:/home/ruddy/.vscode/extensions/redhat.java-1.15.0-linux-x64/lombok/lombok-1.18.24.jar -XX:+HeapDumpOnOutOfMemoryError -XX:HeapDumpPath=/home/ruddy/.config/Code/User/workspaceStorage/7ea6b5de52ea92c2b0ecb0947ded12ec/redhat.java /home/ruddy/.vscode/extensions/redhat.java-1.15.0-linux-x64/server/plugins/org.eclipse.equinox.launcher_1.6.400.v20210924-0641.jar -configuration /home/ruddy/.config/Code/User/globalStorage/redhat.java/1.15.0/config_linux -data /home/ruddy/.config/Code/User/workspaceStorage/7ea6b5de52ea92c2b0ecb0947ded12ec/redhat.java/jdt_ws

Host: Intel(R) Pentium(R) CPU G4560 @ 3.50GHz, 4 cores, 15G, Ubuntu 22.04.1 LTS
Time: Wed Jul 19 23:41:16 2023 -04 elapsed time: 10122.790572 seconds (0d 2h 48m 42s)

---------------  T H R E A D  ---------------

Current thread (0x00007f3b34002cd0):  GCTaskThread "GC Thread#2" [stack: 0x00007f3b39cfc000,0x00007f3b39dfc000] [id=3711]

Stack: [0x00007f3b39cfc000,0x00007f3b39dfc000],  sp=0x00007f3b39dfaac0,  free space=1018k
Native frames: (J=compiled Java code, j=interpreted, Vv=VM code, C=native code)
V  [libjvm.so+0xc75660]  ParCompactionManager::follow_marking_stacks()+0x1f0
V  [libjvm.so+0xc87ac1]  PCAddThreadRootsMarkingTaskClosure::do_thread(Thread*)+0xb1
V  [libjvm.so+0xe5fd08]  Threads::possibly_parallel_threads_do(bool, ThreadClosure*)+0x168
V  [libjvm.so+0xc89ed2]  MarkFromRootsTask::work(unsigned int)+0x112
V  [libjvm.so+0xf118cf]  GangWorker::loop()+0x5f
V  [libjvm.so+0xf1192f]
V  [libjvm.so+0xe62020]  Thread::call_run()+0xc0
V  [libjvm.so+0xc187e1]  thread_native_entry(Thread*)+0xe1


siginfo: si_signo: 11 (SIGSEGV), si_code: 128 (SI_KERNEL), si_addr: 0x0000000000000000

Register to memory mapping:

RAX=0x00007f3b40200000 points into unknown readable memory: 0x2494924000920081 | 81 00 92 00 40 92 94 24
RBX=0x00007f3b540ed180 points into unknown readable memory: 0x0000000000000000 | 00 00 00 00 00 00 00 00
RCX=0x0000000000000011 is an unknown value
RDX=0x0000000000020000 is an unknown value
RSP=0x00007f3b39dfaac0 points into unknown readable memory: 0x00000000c1862678 | 78 26 86 c1 00 00 00 00
RBP=0x00007f3b39dfaba0 points into unknown readable memory: 0x00007f3b39dfac40 | 40 ac df 39 3b 7f 00 00
RSI=0x007fffffffe0c83a is an unknown value
RDI=0x00007f3b5a91a740: <offset 0x000000000131a740> in /home/ruddy/.vscode/extensions/redhat.java-1.15.0-linux-x64/jre/17.0.6-linux-x86_64/lib/server/libjvm.so at 0x00007f3b59600000
R8 =0x00000000c1862678 is pointing into object: [Ljava.util.HashMap$Node; 
{0x00000000c184e668} - klass: 'java/util/HashMap$Node'[]
 - length: 65536
R9 =0x000000000000e333 is an unknown value
R10=0x00007f3b5a9c37ec points into unknown readable memory: 93 ff 00 00
R11=0x00007f3b5a8b8d28: <offset 0x00000000012b8d28> in /home/ruddy/.vscode/extensions/redhat.java-1.15.0-linux-x64/jre/17.0.6-linux-x86_64/lib/server/libjvm.so at 0x00007f3b59600000
R12=0x0000000081907488 is an unknown value
R13=0x00000000c0868e88 is an oop: java.security.ProtectionDomain$Key 
{0x00000000c0868e88} - klass: 'java/security/ProtectionDomain$Key'
 - ---- fields (total size 2 words):
R14=0x00007f3b5a8ff1cd: <offset 0x00000000012ff1cd> in /home/ruddy/.vscode/extensions/redhat.java-1.15.0-linux-x64/jre/17.0.6-linux-x86_64/lib/server/libjvm.so at 0x00007f3b59600000
R15=0x00000000c18621bc is pointing into object: [Ljava.util.HashMap$Node; 
{0x00000000c184e668} - klass: 'java/util/HashMap$Node'[]
 - length: 65536


Registers:
RAX=0x00007f3b40200000, RBX=0x00007f3b540ed180, RCX=0x0000000000000011, RDX=0x0000000000020000
RSP=0x00007f3b39dfaac0, RBP=0x00007f3b39dfaba0, RSI=0x007fffffffe0c83a, RDI=0x00007f3b5a91a740
R8 =0x00000000c1862678, R9 =0x000000000000e333, R10=0x00007f3b5a9c37ec, R11=0x00007f3b5a8b8d28
R12=0x0000000081907488, R13=0x00000000c0868e88, R14=0x00007f3b5a8ff1cd, R15=0x00000000c18621bc
RIP=0x00007f3b5a275660, EFLAGS=0x0000000000010206, CSGSFS=0x002b000000000033, ERR=0x0000000000000000
  TRAPNO=0x000000000000000d

Top of Stack: (sp=0x00007f3b39dfaac0)
0x00007f3b39dfaac0:   00000000c1862678 00000000c1862678
0x00007f3b39dfaad0:   00007f3b20000d78 0000000000000001
0x00007f3b39dfaae0:   00007f3b39dfab20 0000000000000000
0x00007f3b39dfaaf0:   00000000c184e668 0000000000005000 

Instructions: (pc=0x00007f3b5a275660)
0x00007f3b5a275560:   00 00 48 85 ff 0f 84 75 0a 00 00 48 8b 83 70 05
0x00007f3b5a275570:   00 00 48 83 e8 01 48 89 c2 48 89 83 70 05 00 00
0x00007f3b5a275580:   48 c1 e2 04 48 01 fa 48 8b 0a 4c 63 62 08 48 85
0x00007f3b5a275590:   c0 0f 84 61 0b 00 00 48 8d 15 30 9c 68 00 4c 8d
0x00007f3b5a2755a0:   35 28 9c 68 00 80 3a 00 41 0f b6 06 0f 84 9e 07
0x00007f3b5a2755b0:   00 00 3c 01 bf 00 08 00 00 48 19 d2 83 e2 08 3c
0x00007f3b5a2755c0:   01 48 19 c0 48 8d 54 11 10 83 e0 04 4e 8d 3c a2
0x00007f3b5a2755d0:   48 63 74 01 0c 48 89 f0 4c 29 e0 48 3d 00 08 00
0x00007f3b5a2755e0:   00 48 0f 47 c7 4c 01 e0 4c 8d 04 82 48 39 c6 0f
0x00007f3b5a2755f0:   87 6b 0c 00 00 4d 39 c7 72 13 e9 69 01 00 00 90
0x00007f3b5a275600:   49 83 c7 04 4d 39 f8 0f 86 5b 01 00 00 41 8b 07
0x00007f3b5a275610:   85 c0 74 ec 41 89 c4 48 8d 05 12 2d 64 00 48 8b
0x00007f3b5a275620:   15 3b 50 6a 00 8b 48 08 49 d3 e4 4c 03 20 4c 89
0x00007f3b5a275630:   e1 48 2b 0a 48 89 c8 48 8d 0d ea 36 64 00 48 c1
0x00007f3b5a275640:   e8 03 8b 09 48 d3 e8 48 89 c1 48 89 c6 48 8b 42
0x00007f3b5a275650:   10 ba 01 00 00 00 83 e1 3f 48 c1 ee 06 48 d3 e2
0x00007f3b5a275660:   48 23 14 f0 75 9a 41 0f b6 06 84 c0 0f 84 2e 0b
0x00007f3b5a275670:   00 00 48 8d 35 a7 2c 64 00 41 8b 7c 24 08 8b 4e
0x00007f3b5a275680:   08 48 d3 e7 48 03 3e 8b 4f 08 85 c9 0f 8e 1e 0a
0x00007f3b5a275690:   00 00 f6 c1 01 74 1a 48 8b 07 48 8d 35 9f 63 61
0x00007f3b5a2756a0:   ff 48 8b 80 00 01 00 00 48 39 f0 0f 85 b4 0c 00
0x00007f3b5a2756b0:   00 c1 f9 03 48 63 d1 48 8d 3d c2 50 6a 00 4c 89
0x00007f3b5a2756c0:   e6 4c 89 85 20 ff ff ff 48 89 95 28 ff ff ff e8
0x00007f3b5a2756d0:   1c e3 fb ff 48 8b 95 28 ff ff ff 4c 8b 85 20 ff
0x00007f3b5a2756e0:   ff ff 84 c0 0f 84 16 ff ff ff 48 8d 3d 4f 50 6a
0x00007f3b5a2756f0:   00 4c 89 e6 4c 89 85 28 ff ff ff e8 70 bb 00 00
0x00007f3b5a275700:   8b 83 88 00 00 00 8b 8b 08 01 00 00 4c 8b 85 28
0x00007f3b5a275710:   ff ff ff 89 c2 29 ca 81 e2 ff ff 01 00 81 fa fd
0x00007f3b5a275720:   ff 01 00 0f 86 6b 0d 00 00 48 8b 83 a8 02 00 00
0x00007f3b5a275730:   48 3b 83 90 02 00 00 0f 84 26 10 00 00 48 8b 93
0x00007f3b5a275740:   c0 02 00 00 48 8d 14 c2 48 83 c0 01 49 83 c7 04
0x00007f3b5a275750:   4c 89 22 48 89 83 a8 02 00 00 4d 39 f8 0f 87 aa 


Stack slot to memory mapping:
stack at sp + 0 slots: 0x00000000c1862678 is pointing into object: [Ljava.util.HashMap$Node; 
{0x00000000c184e668} - klass: 'java/util/HashMap$Node'[]
 - length: 65536
stack at sp + 1 slots: 0x00000000c1862678 is pointing into object: [Ljava.util.HashMap$Node; 
{0x00000000c184e668} - klass: 'java/util/HashMap$Node'[]
 - length: 65536
stack at sp + 2 slots: 0x00007f3b20000d78 points into unknown readable memory: 0x00000000c0164230 | 30 42 16 c0 00 00 00 00
stack at sp + 3 slots: 0x0000000000000001 is an unknown value
stack at sp + 4 slots: 0x00007f3b39dfab20 points into unknown readable memory: 0x00007f3b39dfab70 | 70 ab df 39 3b 7f 00 00
stack at sp + 5 slots: 0x0 is NULL
stack at sp + 6 slots: 0x00000000c184e668 is an oop: [Ljava.util.HashMap$Node; 
{0x00000000c184e668} - klass: 'java/util/HashMap$Node'[]
 - length: 65536
stack at sp + 7 slots: 0x0000000000005000 is an unknown value


---------------  P R O C E S S  ---------------

Threads class SMR info:
_java_thread_list=0x00007f3b218d03c0, length=38, elements={
0x00007f3b540279a0, 0x00007f3b54162a10, 0x00007f3b54163f80, 0x00007f3b5418c240,
0x00007f3b5418fb30, 0x00007f3b54190aa0, 0x00007f3b541920f0, 0x00007f3b541935a0,
0x00007f3b541949e0, 0x00007f3b54212500, 0x00007f3b543087b0, 0x00007f3b544fce50,
0x00007f3b545502e0, 0x00007f3b54553170, 0x00007f3ae4033830, 0x00007f3ae42931e0,
0x00007f3ae48b4b10, 0x00007f3b54591820, 0x00007f3ac0000ff0, 0x00007f3b54747810,
0x00007f3b24000eb0, 0x00007f3ac00e6500, 0x00007f3ad43c8200, 0x00007f3ad005ec90,
0x00007f3ad00e9130, 0x00007f3ad0119730, 0x00007f3ad01c2410, 0x00007f3af8028950,
0x00007f3af802ae90, 0x00007f3af0107780, 0x00007f3ac42ad930, 0x00005574ed895730,
0x00005574ed8b7e80, 0x00007f3ac00130f0, 0x00007f3b300022a0, 0x00007f3ac8267cf0,
0x00007f3b30003180, 0x00007f3b14470c20
}

Java Threads: ( => current thread )
  0x00007f3b540279a0 JavaThread "main" [_thread_blocked, id=3684, stack(0x00007f3b59419000,0x00007f3b59519000)]
  0x00007f3b54162a10 JavaThread "Reference Handler" daemon [_thread_blocked, id=3687, stack(0x00007f3b3b300000,0x00007f3b3b400000)]
  0x00007f3b54163f80 JavaThread "Finalizer" daemon [_thread_blocked, id=3688, stack(0x00007f3b3b200000,0x00007f3b3b300000)]
  0x00007f3b5418c240 JavaThread "Signal Dispatcher" daemon [_thread_blocked, id=3689, stack(0x00007f3b3b100000,0x00007f3b3b200000)]
  0x00007f3b5418fb30 JavaThread "Service Thread" daemon [_thread_blocked, id=3690, stack(0x00007f3b3a700000,0x00007f3b3a800000)]
  0x00007f3b54190aa0 JavaThread "Monitor Deflation Thread" daemon [_thread_blocked, id=3691, stack(0x00007f3b3a600000,0x00007f3b3a700000)]
  0x00007f3b541920f0 JavaThread "C2 CompilerThread0" daemon [_thread_in_native, id=3692, stack(0x00007f3b3a500000,0x00007f3b3a600000)]
  0x00007f3b541935a0 JavaThread "C1 CompilerThread0" daemon [_thread_blocked, id=3693, stack(0x00007f3b3a400000,0x00007f3b3a500000)]
  0x00007f3b541949e0 JavaThread "Sweeper thread" daemon [_thread_blocked, id=3694, stack(0x00007f3b3a300000,0x00007f3b3a400000)]
  0x00007f3b54212500 JavaThread "Common-Cleaner" daemon [_thread_blocked, id=3695, stack(0x00007f3b3a200000,0x00007f3b3a300000)]
  0x00007f3b543087b0 JavaThread "Notification Thread" daemon [_thread_blocked, id=3699, stack(0x00007f3b3a100000,0x00007f3b3a200000)]
  0x00007f3b544fce50 JavaThread "Active Thread: Equinox Container: f102f25b-d121-4cfb-9bbd-d898b4f655cb" [_thread_blocked, id=3714, stack(0x00007f3b391fe000,0x00007f3b392fe000)]
  0x00007f3b545502e0 JavaThread "Framework Event Dispatcher: Equinox Container: f102f25b-d121-4cfb-9bbd-d898b4f655cb" daemon [_thread_blocked, id=3718, stack(0x00007f3b390fe000,0x00007f3b391fe000)]
  0x00007f3b54553170 JavaThread "Start Level: Equinox Container: f102f25b-d121-4cfb-9bbd-d898b4f655cb" daemon [_thread_blocked, id=3719, stack(0x00007f3b38ffe000,0x00007f3b390fe000)]
  0x00007f3ae4033830 JavaThread "SCR Component Actor" daemon [_thread_blocked, id=3720, stack(0x00007f3b38efe000,0x00007f3b38ffe000)]
  0x00007f3ae42931e0 JavaThread "Worker-JM" [_thread_blocked, id=3724, stack(0x00007f3b39efe000,0x00007f3b39ffe000)]
  0x00007f3ae48b4b10 JavaThread "Java indexing" daemon [_thread_blocked, id=3738, stack(0x00007f3ae3f00000,0x00007f3ae4000000)]
  0x00007f3b54591820 JavaThread "pool-2-thread-1" [_thread_blocked, id=3742, stack(0x00007f3ae3c2e000,0x00007f3ae3d2e000)]
  0x00007f3ac0000ff0 JavaThread "Worker-3" [_thread_blocked, id=3745, stack(0x00007f3ae3300000,0x00007f3ae3400000)]
  0x00007f3b54747810 JavaThread "pool-1-thread-1" [_thread_blocked, id=3747, stack(0x00007f3ae3200000,0x00007f3ae3300000)]
  0x00007f3b24000eb0 JavaThread "Attach Listener" daemon [_thread_blocked, id=3824, stack(0x00007f3ae1700000,0x00007f3ae1800000)]
  0x00007f3ac00e6500 JavaThread "Java Debug Server" daemon [_thread_in_native, id=3828, stack(0x00007f3ae1600000,0x00007f3ae1700000)]
  0x00007f3ad43c8200 JavaThread "pool-3-thread-1" [_thread_in_native, id=3835, stack(0x00007f3ae1500000,0x00007f3ae1600000)]
  0x00007f3ad005ec90 JavaThread "Bundle File Closer" daemon [_thread_blocked, id=3837, stack(0x00007f3ae1400000,0x00007f3ae1500000)]
  0x00007f3ad00e9130 JavaThread "RxSchedulerPurge-1" daemon [_thread_blocked, id=3856, stack(0x00007f3b38a00000,0x00007f3b38b00000)]
  0x00007f3ad0119730 JavaThread "RxCachedWorkerPoolEvictor-1" daemon [_thread_blocked, id=3858, stack(0x00007f3ae1300000,0x00007f3ae1400000)]
  0x00007f3ad01c2410 JavaThread "RxNewThreadScheduler-1" daemon [_thread_blocked, id=3861, stack(0x00007f3ae1100000,0x00007f3ae1200000)]
  0x00007f3af8028950 JavaThread "Packet Receive Manager" daemon [_thread_in_native, id=4020, stack(0x00007f3ae1000000,0x00007f3ae1100000)]
  0x00007f3af802ae90 JavaThread "Packet Send Manager" daemon [_thread_blocked, id=4021, stack(0x00007f3ae0600000,0x00007f3ae0700000)]
  0x00007f3af0107780 JavaThread "Event Hub" daemon [_thread_blocked, id=4048, stack(0x00007f3ae1200000,0x00007f3ae1300000)]
  0x00007f3ac42ad930 JavaThread "Worker-4" [_thread_blocked, id=23540, stack(0x00007f3ae01bd000,0x00007f3ae02bd000)]
  0x00005574ed895730 JavaThread "ForkJoinPool.commonPool-worker-13" daemon [_thread_blocked, id=147966, stack(0x00007f3ae3000000,0x00007f3ae3100000)]
  0x00005574ed8b7e80 JavaThread "ForkJoinPool.commonPool-worker-14" daemon [_thread_blocked, id=148039, stack(0x00007f3b38900000,0x00007f3b38a00000)]
  0x00007f3ac00130f0 JavaThread "ForkJoinPool.commonPool-worker-15" daemon [_thread_blocked, id=148040, stack(0x00007f3b38b00000,0x00007f3b38c00000)]
  0x00007f3b300022a0 JavaThread "Worker-5: Building" [_thread_blocked, id=148044, stack(0x00007f3b38800000,0x00007f3b38900000)]
  0x00007f3ac8267cf0 JavaThread "ForkJoinPool.commonPool-worker-16" daemon [_thread_blocked, id=148168, stack(0x00007f3ae3100000,0x00007f3ae3200000)]
  0x00007f3b30003180 JavaThread "Worker-6" [_thread_blocked, id=148247, stack(0x00007f3ae0700000,0x00007f3ae0800000)]
  0x00007f3b14470c20 JavaThread "C2 CompilerThread1" daemon [_thread_blocked, id=148387, stack(0x00007f3ae3e00000,0x00007f3ae3f00000)]

Other Threads:
  0x00007f3b54152da0 VMThread "VM Thread" [stack: 0x00007f3b3bcfe000,0x00007f3b3bdfe000] [id=3686]
  0x00007f3b54072430 WatcherThread [stack: 0x00007f3b3a000000,0x00007f3b3a100000] [id=3700]
  0x00007f3b5403f1b0 GCTaskThread "GC Thread#0" [stack: 0x00007f3b58f42000,0x00007f3b59042000] [id=3685]
  0x00007f3b34001250 GCTaskThread "GC Thread#1" [stack: 0x00007f3b39dfe000,0x00007f3b39efe000] [id=3710]
=>0x00007f3b34002cd0 GCTaskThread "GC Thread#2" [stack: 0x00007f3b39cfc000,0x00007f3b39dfc000] [id=3711]
  0x00007f3b340036d0 GCTaskThread "GC Thread#3" [stack: 0x00007f3b39300000,0x00007f3b39400000] [id=3712]

Threads with active compile tasks:
C2 CompilerThread0  10122833 11455       4       org.eclipse.jdt.internal.compiler.lookup.BinaryTypeBinding::createMethod (1719 bytes)
C2 CompilerThread1  10122833 11552       4       org.eclipse.jdt.internal.compiler.codegen.StackMapFrame::duplicate (154 bytes)

VM state: at safepoint (normal execution)

VM Mutex/Monitor currently owned by a thread:  ([mutex/lock_event])
[0x00007f3b54024710] Threads_lock - owner thread: 0x00007f3b54152da0
[0x00007f3b54024ec0] Heap_lock - owner thread: 0x00007f3b300022a0

Heap address: 0x00000000c0000000, size: 1024 MB, Compressed Oops mode: 32-bit

CDS archive(s) not mapped
Compressed class space mapped at: 0x0000000100000000-0x0000000140000000, reserved size: 1073741824
Narrow klass base: 0x0000000000000000, Narrow klass shift: 3, Narrow klass range: 0x140000000

GC Precious Log:
 CPUs: 4 total, 4 available
 Memory: 15858M
 Large Page Support: Disabled
 NUMA Support: Disabled
 Compressed Oops: Enabled (32-bit)
 Alignments: Space 512K, Generation 512K, Heap 2M
 Heap Min Capacity: 100M
 Heap Initial Capacity: 100M
 Heap Max Capacity: 1G
 Pre-touch: Disabled
 Parallel Workers: 4

Heap:
 PSYoungGen      total 19968K, used 9720K [0x00000000eab00000, 0x00000000ed400000, 0x0000000100000000)
  eden space 10240K, 0% used [0x00000000eab00000,0x00000000eab00000,0x00000000eb500000)
  from space 9728K, 99% used [0x00000000ec280000,0x00000000ecbfe020,0x00000000ecc00000)
  to   space 13824K, 0% used [0x00000000eb500000,0x00000000eb500000,0x00000000ec280000)
 ParOldGen       total 126976K, used 126278K [0x00000000c0000000, 0x00000000c7c00000, 0x00000000eab00000)
  object space 126976K, 99% used [0x00000000c0000000,0x00000000c7b51960,0x00000000c7c00000)
 Metaspace       used 73116K, committed 74240K, reserved 1122304K
  class space    used 7719K, committed 8192K, reserved 1048576K

Card table byte_map: [0x00007f3b59042000,0x00007f3b59243000] _byte_map_base: 0x00007f3b58a42000

Marking Bits: (ParMarkBitMap*) 0x00007f3b5a91a780
 Begin Bits: [0x00007f3b40200000, 0x00007f3b41200000)
 End Bits:   [0x00007f3b41200000, 0x00007f3b42200000)

Polling page: 0x00007f3b5acc2000

Metaspace:

Usage:
  Non-class:     63,86 MB used.
      Class:      7,54 MB used.
       Both:     71,40 MB used.

Virtual space:
  Non-class space:       72,00 MB reserved,      64,50 MB ( 90%) committed,  9 nodes.
      Class space:        1,00 GB reserved,       8,00 MB ( <1%) committed,  1 nodes.
             Both:        1,07 GB reserved,      72,50 MB (  7%) committed. 

Chunk freelists:
   Non-Class:  2,77 MB
       Class:  3,92 MB
        Both:  6,68 MB

MaxMetaspaceSize: unlimited
CompressedClassSpaceSize: 1,00 GB
Initial GC threshold: 21,00 MB
Current GC threshold: 98,06 MB
CDS: off
MetaspaceReclaimPolicy: balanced
 - commit_granule_bytes: 65536.
 - commit_granule_words: 8192.
 - virtual_space_node_default_size: 1048576.
 - enlarge_chunks_in_place: 1.
 - new_chunks_are_fully_committed: 0.
 - uncommit_free_chunks: 1.
 - use_allocation_guard: 0.
 - handle_deallocations: 1.


Internal statistics:

num_allocs_failed_limit: 9.
num_arena_births: 568.
num_arena_deaths: 14.
num_vsnodes_births: 10.
num_vsnodes_deaths: 0.
num_space_committed: 1160.
num_space_uncommitted: 0.
num_chunks_returned_to_freelist: 26.
num_chunks_taken_from_freelist: 3468.
num_chunk_merges: 14.
num_chunk_splits: 2243.
num_chunks_enlarged: 1386.
num_purges: 2.
num_inconsistent_stats: 0.

CodeHeap 'non-profiled nmethods': size=120032Kb used=7218Kb max_used=7218Kb free=112813Kb
 bounds [0x00007f3b49cc8000, 0x00007f3b4a3d8000, 0x00007f3b51200000]
CodeHeap 'profiled nmethods': size=120028Kb used=19591Kb max_used=19591Kb free=100436Kb
 bounds [0x00007f3b42200000, 0x00007f3b43530000, 0x00007f3b49737000]
CodeHeap 'non-nmethods': size=5700Kb used=1372Kb max_used=1490Kb free=4327Kb
 bounds [0x00007f3b49737000, 0x00007f3b499a7000, 0x00007f3b49cc8000]
 total_blobs=9804 nmethods=9078 adapters=641
 compilation: enabled
              stopped_count=0, restarted_count=0
 full_count=0

Compilation events (20 events):
Event: 10122,602 Thread 0x00007f3b541935a0 11605       3       org.eclipse.jdt.internal.core.builder.NameEnvironment$$Lambda$527/0x00000001007f19e0::<init> (10 bytes)
Event: 10122,602 Thread 0x00007f3b541935a0 nmethod 11605 0x00007f3b4351e790 code [0x00007f3b4351e940, 0x00007f3b4351eab0]
Event: 10122,602 Thread 0x00007f3b541935a0 11604       3       org.eclipse.core.internal.resources.Container::findMember (46 bytes)
Event: 10122,602 Thread 0x00007f3b541935a0 nmethod 11604 0x00007f3b4351eb90 code [0x00007f3b4351ed80, 0x00007f3b4351f240]
Event: 10122,602 Thread 0x00007f3b541935a0 11602   !   3       java.nio.file.Files::exists (71 bytes)
Event: 10122,604 Thread 0x00007f3b541935a0 nmethod 11602 0x00007f3b4351f490 code [0x00007f3b4351f7e0, 0x00007f3b43520ca0]
Event: 10122,611 Thread 0x00007f3b541935a0 11606       3       org.eclipse.jdt.internal.compiler.flow.UnconditionalFlowInfo::markAsDefinitelyAssigned (120 bytes)
Event: 10122,612 Thread 0x00007f3b541935a0 nmethod 11606 0x00007f3b43521490 code [0x00007f3b43521680, 0x00007f3b43521af0]
Event: 10122,612 Thread 0x00007f3b541935a0 11607       3       org.eclipse.jdt.internal.compiler.codegen.CodeStream::aload_1 (97 bytes)
Event: 10122,613 Thread 0x00007f3b541935a0 nmethod 11607 0x00007f3b43521d90 code [0x00007f3b43521f60, 0x00007f3b435221f0]
Event: 10122,613 Thread 0x00007f3b541935a0 11608   !   3       org.eclipse.jdt.internal.core.builder.ClasspathJrt::findClass (67 bytes)
Event: 10122,614 Thread 0x00007f3b14470c20 nmethod 11549 0x00007f3b4a3d0b90 code [0x00007f3b4a3d0ea0, 0x00007f3b4a3d2a10]
Event: 10122,614 Thread 0x00007f3b14470c20 11558       4       org.eclipse.jdt.internal.core.SourceMethod::hashCode (40 bytes)
Event: 10122,627 Thread 0x00007f3b541935a0 nmethod 11608 0x00007f3b43522310 code [0x00007f3b43522560, 0x00007f3b43522eb0]
Event: 10122,627 Thread 0x00007f3b541935a0 11609       3       org.eclipse.core.internal.dtree.DeltaDataTree::setData (42 bytes)
Event: 10122,630 Thread 0x00007f3b14470c20 nmethod 11558 0x00007f3b4a3d4110 code [0x00007f3b4a3d42a0, 0x00007f3b4a3d46d8]
Event: 10122,630 Thread 0x00007f3b14470c20 11552       4       org.eclipse.jdt.internal.compiler.codegen.StackMapFrame::duplicate (154 bytes)
Event: 10122,634 Thread 0x00007f3b541935a0 nmethod 11609 0x00007f3b43523410 code [0x00007f3b435236a0, 0x00007f3b43524160]
Event: 10122,634 Thread 0x00007f3b541935a0 11610       3       org.eclipse.core.internal.dtree.DataDeltaNode::<init> (7 bytes)
Event: 10122,637 Thread 0x00007f3b541935a0 nmethod 11610 0x00007f3b43524610 code [0x00007f3b435247c0, 0x00007f3b435249a0]

GC Heap History (20 events):
Event: 10115,317 GC heap after
{Heap after GC invocations=70 (full 4):
 PSYoungGen      total 24064K, used 9319K [0x00000000eab00000, 0x00000000ecc00000, 0x0000000100000000)
  eden space 14336K, 0% used [0x00000000eab00000,0x00000000eab00000,0x00000000eb900000)
  from space 9728K, 95% used [0x00000000ebb80000,0x00000000ec499d60,0x00000000ec500000)
  to   space 7168K, 0% used [0x00000000ec500000,0x00000000ec500000,0x00000000ecc00000)
 ParOldGen       total 126976K, used 115788K [0x00000000c0000000, 0x00000000c7c00000, 0x00000000eab00000)
  object space 126976K, 91% used [0x00000000c0000000,0x00000000c71132e0,0x00000000c7c00000)
 Metaspace       used 72115K, committed 73216K, reserved 1122304K
  class space    used 7619K, committed 8128K, reserved 1048576K
}
Event: 10115,532 GC heap before
{Heap before GC invocations=71 (full 4):
 PSYoungGen      total 24064K, used 23655K [0x00000000eab00000, 0x00000000ecc00000, 0x0000000100000000)
  eden space 14336K, 99% used [0x00000000eab00000,0x00000000eb8fffd8,0x00000000eb900000)
  from space 9728K, 95% used [0x00000000ebb80000,0x00000000ec499d60,0x00000000ec500000)
  to   space 7168K, 0% used [0x00000000ec500000,0x00000000ec500000,0x00000000ecc00000)
 ParOldGen       total 126976K, used 115788K [0x00000000c0000000, 0x00000000c7c00000, 0x00000000eab00000)
  object space 126976K, 91% used [0x00000000c0000000,0x00000000c71132e0,0x00000000c7c00000)
 Metaspace       used 72155K, committed 73280K, reserved 1122304K
  class space    used 7619K, committed 8128K, reserved 1048576K
}
Event: 10115,549 GC heap after
{Heap after GC invocations=71 (full 4):
 PSYoungGen      total 21504K, used 7161K [0x00000000eab00000, 0x00000000ece00000, 0x0000000100000000)
  eden space 14336K, 0% used [0x00000000eab00000,0x00000000eab00000,0x00000000eb900000)
  from space 7168K, 99% used [0x00000000ec500000,0x00000000ecbfe7f0,0x00000000ecc00000)
  to   space 10752K, 0% used [0x00000000eb900000,0x00000000eb900000,0x00000000ec380000)
 ParOldGen       total 126976K, used 119000K [0x00000000c0000000, 0x00000000c7c00000, 0x00000000eab00000)
  object space 126976K, 93% used [0x00000000c0000000,0x00000000c7436180,0x00000000c7c00000)
 Metaspace       used 72155K, committed 73280K, reserved 1122304K
  class space    used 7619K, committed 8128K, reserved 1048576K
}
Event: 10116,753 GC heap before
{Heap before GC invocations=72 (full 4):
 PSYoungGen      total 21504K, used 21497K [0x00000000eab00000, 0x00000000ece00000, 0x0000000100000000)
  eden space 14336K, 100% used [0x00000000eab00000,0x00000000eb900000,0x00000000eb900000)
  from space 7168K, 99% used [0x00000000ec500000,0x00000000ecbfe7f0,0x00000000ecc00000)
  to   space 10752K, 0% used [0x00000000eb900000,0x00000000eb900000,0x00000000ec380000)
 ParOldGen       total 126976K, used 119000K [0x00000000c0000000, 0x00000000c7c00000, 0x00000000eab00000)
  object space 126976K, 93% used [0x00000000c0000000,0x00000000c7436180,0x00000000c7c00000)
 Metaspace       used 72210K, committed 73344K, reserved 1122304K
  class space    used 7620K, committed 8128K, reserved 1048576K
}
Event: 10116,769 GC heap after
{Heap after GC invocations=72 (full 4):
 PSYoungGen      total 20480K, used 5859K [0x00000000eab00000, 0x00000000ec800000, 0x0000000100000000)
  eden space 14336K, 0% used [0x00000000eab00000,0x00000000eab00000,0x00000000eb900000)
  from space 6144K, 95% used [0x00000000eb900000,0x00000000ebeb8eb0,0x00000000ebf00000)
  to   space 7680K, 0% used [0x00000000ec080000,0x00000000ec080000,0x00000000ec800000)
 ParOldGen       total 126976K, used 119072K [0x00000000c0000000, 0x00000000c7c00000, 0x00000000eab00000)
  object space 126976K, 93% used [0x00000000c0000000,0x00000000c7448180,0x00000000c7c00000)
 Metaspace       used 72210K, committed 73344K, reserved 1122304K
  class space    used 7620K, committed 8128K, reserved 1048576K
}
Event: 10117,016 GC heap before
{Heap before GC invocations=73 (full 4):
 PSYoungGen      total 20480K, used 20195K [0x00000000eab00000, 0x00000000ec800000, 0x0000000100000000)
  eden space 14336K, 100% used [0x00000000eab00000,0x00000000eb900000,0x00000000eb900000)
  from space 6144K, 95% used [0x00000000eb900000,0x00000000ebeb8eb0,0x00000000ebf00000)
  to   space 7680K, 0% used [0x00000000ec080000,0x00000000ec080000,0x00000000ec800000)
 ParOldGen       total 126976K, used 119072K [0x00000000c0000000, 0x00000000c7c00000, 0x00000000eab00000)
  object space 126976K, 93% used [0x00000000c0000000,0x00000000c7448180,0x00000000c7c00000)
 Metaspace       used 72323K, committed 73408K, reserved 1122304K
  class space    used 7633K, committed 8128K, reserved 1048576K
}
Event: 10117,031 GC heap after
{Heap after GC invocations=73 (full 4):
 PSYoungGen      total 20992K, used 6451K [0x00000000eab00000, 0x00000000ec700000, 0x0000000100000000)
  eden space 14336K, 0% used [0x00000000eab00000,0x00000000eab00000,0x00000000eb900000)
  from space 6656K, 96% used [0x00000000ec080000,0x00000000ec6ccec0,0x00000000ec700000)
  to   space 6656K, 0% used [0x00000000eba00000,0x00000000eba00000,0x00000000ec080000)
 ParOldGen       total 126976K, used 119072K [0x00000000c0000000, 0x00000000c7c00000, 0x00000000eab00000)
  object space 126976K, 93% used [0x00000000c0000000,0x00000000c7448180,0x00000000c7c00000)
 Metaspace       used 72323K, committed 73408K, reserved 1122304K
  class space    used 7633K, committed 8128K, reserved 1048576K
}
Event: 10118,498 GC heap before
{Heap before GC invocations=74 (full 4):
 PSYoungGen      total 20992K, used 20787K [0x00000000eab00000, 0x00000000ec700000, 0x0000000100000000)
  eden space 14336K, 100% used [0x00000000eab00000,0x00000000eb900000,0x00000000eb900000)
  from space 6656K, 96% used [0x00000000ec080000,0x00000000ec6ccec0,0x00000000ec700000)
  to   space 6656K, 0% used [0x00000000eba00000,0x00000000eba00000,0x00000000ec080000)
 ParOldGen       total 126976K, used 119072K [0x00000000c0000000, 0x00000000c7c00000, 0x00000000eab00000)
  object space 126976K, 93% used [0x00000000c0000000,0x00000000c7448180,0x00000000c7c00000)
 Metaspace       used 72829K, committed 73984K, reserved 1122304K
  class space    used 7712K, committed 8192K, reserved 1048576K
}
Event: 10118,504 GC heap after
{Heap after GC invocations=74 (full 4):
 PSYoungGen      total 19968K, used 5315K [0x00000000eab00000, 0x00000000ec500000, 0x0000000100000000)
  eden space 14336K, 0% used [0x00000000eab00000,0x00000000eab00000,0x00000000eb900000)
  from space 5632K, 94% used [0x00000000eba00000,0x00000000ebf30eb0,0x00000000ebf80000)
  to   space 5632K, 0% used [0x00000000ebf80000,0x00000000ebf80000,0x00000000ec500000)
 ParOldGen       total 126976K, used 119072K [0x00000000c0000000, 0x00000000c7c00000, 0x00000000eab00000)
  object space 126976K, 93% used [0x00000000c0000000,0x00000000c7448180,0x00000000c7c00000)
 Metaspace       used 72829K, committed 73984K, reserved 1122304K
  class space    used 7712K, committed 8192K, reserved 1048576K
}
Event: 10120,751 GC heap before
{Heap before GC invocations=75 (full 4):
 PSYoungGen      total 19968K, used 19651K [0x00000000eab00000, 0x00000000ec500000, 0x0000000100000000)
  eden space 14336K, 100% used [0x00000000eab00000,0x00000000eb900000,0x00000000eb900000)
  from space 5632K, 94% used [0x00000000eba00000,0x00000000ebf30eb0,0x00000000ebf80000)
  to   space 5632K, 0% used [0x00000000ebf80000,0x00000000ebf80000,0x00000000ec500000)
 ParOldGen       total 126976K, used 119072K [0x00000000c0000000, 0x00000000c7c00000, 0x00000000eab00000)
  object space 126976K, 93% used [0x00000000c0000000,0x00000000c7448180,0x00000000c7c00000)
 Metaspace       used 72903K, committed 74048K, reserved 1122304K
  class space    used 7712K, committed 8192K, reserved 1048576K
}
Event: 10120,762 GC heap after
{Heap after GC invocations=75 (full 4):
 PSYoungGen      total 19456K, used 4851K [0x00000000eab00000, 0x00000000ec480000, 0x0000000100000000)
  eden space 14336K, 0% used [0x00000000eab00000,0x00000000eab00000,0x00000000eb900000)
  from space 5120K, 94% used [0x00000000ebf80000,0x00000000ec43cea0,0x00000000ec480000)
  to   space 5120K, 0% used [0x00000000eba80000,0x00000000eba80000,0x00000000ebf80000)
 ParOldGen       total 126976K, used 119080K [0x00000000c0000000, 0x00000000c7c00000, 0x00000000eab00000)
  object space 126976K, 93% used [0x00000000c0000000,0x00000000c744a180,0x00000000c7c00000)
 Metaspace       used 72903K, committed 74048K, reserved 1122304K
  class space    used 7712K, committed 8192K, reserved 1048576K
}
Event: 10121,686 GC heap before
{Heap before GC invocations=76 (full 4):
 PSYoungGen      total 19456K, used 19187K [0x00000000eab00000, 0x00000000ec480000, 0x0000000100000000)
  eden space 14336K, 100% used [0x00000000eab00000,0x00000000eb900000,0x00000000eb900000)
  from space 5120K, 94% used [0x00000000ebf80000,0x00000000ec43cea0,0x00000000ec480000)
  to   space 5120K, 0% used [0x00000000eba80000,0x00000000eba80000,0x00000000ebf80000)
 ParOldGen       total 126976K, used 119080K [0x00000000c0000000, 0x00000000c7c00000, 0x00000000eab00000)
  object space 126976K, 93% used [0x00000000c0000000,0x00000000c744a180,0x00000000c7c00000)
 Metaspace       used 72970K, committed 74112K, reserved 1122304K
  class space    used 7712K, committed 8192K, reserved 1048576K
}
Event: 10121,693 GC heap after
{Heap after GC invocations=76 (full 4):
 PSYoungGen      total 19456K, used 5091K [0x00000000eab00000, 0x00000000ec600000, 0x0000000100000000)
  eden space 14336K, 0% used [0x00000000eab00000,0x00000000eab00000,0x00000000eb900000)
  from space 5120K, 99% used [0x00000000eba80000,0x00000000ebf78eb0,0x00000000ebf80000)
  to   space 6656K, 0% used [0x00000000ebf80000,0x00000000ebf80000,0x00000000ec600000)
 ParOldGen       total 126976K, used 120224K [0x00000000c0000000, 0x00000000c7c00000, 0x00000000eab00000)
  object space 126976K, 94% used [0x00000000c0000000,0x00000000c7568180,0x00000000c7c00000)
 Metaspace       used 72970K, committed 74112K, reserved 1122304K
  class space    used 7712K, committed 8192K, reserved 1048576K
}
Event: 10122,103 GC heap before
{Heap before GC invocations=77 (full 4):
 PSYoungGen      total 19456K, used 19427K [0x00000000eab00000, 0x00000000ec600000, 0x0000000100000000)
  eden space 14336K, 100% used [0x00000000eab00000,0x00000000eb900000,0x00000000eb900000)
  from space 5120K, 99% used [0x00000000eba80000,0x00000000ebf78eb0,0x00000000ebf80000)
  to   space 6656K, 0% used [0x00000000ebf80000,0x00000000ebf80000,0x00000000ec600000)
 ParOldGen       total 126976K, used 120224K [0x00000000c0000000, 0x00000000c7c00000, 0x00000000eab00000)
  object space 126976K, 94% used [0x00000000c0000000,0x00000000c7568180,0x00000000c7c00000)
 Metaspace       used 72983K, committed 74112K, reserved 1122304K
  class space    used 7713K, committed 8192K, reserved 1048576K
}
Event: 10122,120 GC heap after
{Heap after GC invocations=77 (full 4):
 PSYoungGen      total 20480K, used 5747K [0x00000000eab00000, 0x00000000ec580000, 0x0000000100000000)
  eden space 14336K, 0% used [0x00000000eab00000,0x00000000eab00000,0x00000000eb900000)
  from space 6144K, 93% used [0x00000000ebf80000,0x00000000ec51cec0,0x00000000ec580000)
  to   space 6144K, 0% used [0x00000000eb980000,0x00000000eb980000,0x00000000ebf80000)
 ParOldGen       total 126976K, used 120248K [0x00000000c0000000, 0x00000000c7c00000, 0x00000000eab00000)
  object space 126976K, 94% used [0x00000000c0000000,0x00000000c756e180,0x00000000c7c00000)
 Metaspace       used 72983K, committed 74112K, reserved 1122304K
  class space    used 7713K, committed 8192K, reserved 1048576K
}
Event: 10122,458 GC heap before
{Heap before GC invocations=78 (full 4):
 PSYoungGen      total 20480K, used 20083K [0x00000000eab00000, 0x00000000ec580000, 0x0000000100000000)
  eden space 14336K, 100% used [0x00000000eab00000,0x00000000eb900000,0x00000000eb900000)
  from space 6144K, 93% used [0x00000000ebf80000,0x00000000ec51cec0,0x00000000ec580000)
  to   space 6144K, 0% used [0x00000000eb980000,0x00000000eb980000,0x00000000ebf80000)
 ParOldGen       total 126976K, used 120248K [0x00000000c0000000, 0x00000000c7c00000, 0x00000000eab00000)
  object space 126976K, 94% used [0x00000000c0000000,0x00000000c756e180,0x00000000c7c00000)
 Metaspace       used 73056K, committed 74240K, reserved 1122304K
  class space    used 7713K, committed 8192K, reserved 1048576K
}
Event: 10122,474 GC heap after
{Heap after GC invocations=78 (full 4):
 PSYoungGen      total 20480K, used 6121K [0x00000000eab00000, 0x00000000ecc00000, 0x0000000100000000)
  eden space 14336K, 0% used [0x00000000eab00000,0x00000000eab00000,0x00000000eb900000)
  from space 6144K, 99% used [0x00000000eb980000,0x00000000ebf7a590,0x00000000ebf80000)
  to   space 9728K, 0% used [0x00000000ec280000,0x00000000ec280000,0x00000000ecc00000)
 ParOldGen       total 126976K, used 123064K [0x00000000c0000000, 0x00000000c7c00000, 0x00000000eab00000)
  object space 126976K, 96% used [0x00000000c0000000,0x00000000c782e180,0x00000000c7c00000)
 Metaspace       used 73056K, committed 74240K, reserved 1122304K
  class space    used 7713K, committed 8192K, reserved 1048576K
}
Event: 10122,656 GC heap before
{Heap before GC invocations=79 (full 4):
 PSYoungGen      total 20480K, used 20457K [0x00000000eab00000, 0x00000000ecc00000, 0x0000000100000000)
  eden space 14336K, 100% used [0x00000000eab00000,0x00000000eb900000,0x00000000eb900000)
  from space 6144K, 99% used [0x00000000eb980000,0x00000000ebf7a590,0x00000000ebf80000)
  to   space 9728K, 0% used [0x00000000ec280000,0x00000000ec280000,0x00000000ecc00000)
 ParOldGen       total 126976K, used 123064K [0x00000000c0000000, 0x00000000c7c00000, 0x00000000eab00000)
  object space 126976K, 96% used [0x00000000c0000000,0x00000000c782e180,0x00000000c7c00000)
 Metaspace       used 73116K, committed 74240K, reserved 1122304K
  class space    used 7719K, committed 8192K, reserved 1048576K
}
Event: 10122,691 GC heap after
{Heap after GC invocations=79 (full 4):
 PSYoungGen      total 19968K, used 9720K [0x00000000eab00000, 0x00000000ed400000, 0x0000000100000000)
  eden space 10240K, 0% used [0x00000000eab00000,0x00000000eab00000,0x00000000eb500000)
  from space 9728K, 99% used [0x00000000ec280000,0x00000000ecbfe020,0x00000000ecc00000)
  to   space 13824K, 0% used [0x00000000eb500000,0x00000000eb500000,0x00000000ec280000)
 ParOldGen       total 126976K, used 126278K [0x00000000c0000000, 0x00000000c7c00000, 0x00000000eab00000)
  object space 126976K, 99% used [0x00000000c0000000,0x00000000c7b51960,0x00000000c7c00000)
 Metaspace       used 73116K, committed 74240K, reserved 1122304K
  class space    used 7719K, committed 8192K, reserved 1048576K
}
Event: 10122,691 GC heap before
{Heap before GC invocations=80 (full 5):
 PSYoungGen      total 19968K, used 9720K [0x00000000eab00000, 0x00000000ed400000, 0x0000000100000000)
  eden space 10240K, 0% used [0x00000000eab00000,0x00000000eab00000,0x00000000eb500000)
  from space 9728K, 99% used [0x00000000ec280000,0x00000000ecbfe020,0x00000000ecc00000)
  to   space 13824K, 0% used [0x00000000eb500000,0x00000000eb500000,0x00000000ec280000)
 ParOldGen       total 126976K, used 126278K [0x00000000c0000000, 0x00000000c7c00000, 0x00000000eab00000)
  object space 126976K, 99% used [0x00000000c0000000,0x00000000c7b51960,0x00000000c7c00000)
 Metaspace       used 73116K, committed 74240K, reserved 1122304K
  class space    used 7719K, committed 8192K, reserved 1048576K
}

Dll operation events (10 events):
Event: 0,003 Loaded shared library /home/ruddy/.vscode/extensions/redhat.java-1.15.0-linux-x64/jre/17.0.6-linux-x86_64/lib/libjava.so
Event: 0,173 Loaded shared library /home/ruddy/.vscode/extensions/redhat.java-1.15.0-linux-x64/jre/17.0.6-linux-x86_64/lib/libzip.so
Event: 0,175 Loaded shared library /home/ruddy/.vscode/extensions/redhat.java-1.15.0-linux-x64/jre/17.0.6-linux-x86_64/lib/libinstrument.so
Event: 0,183 Loaded shared library /home/ruddy/.vscode/extensions/redhat.java-1.15.0-linux-x64/jre/17.0.6-linux-x86_64/lib/libnio.so
Event: 0,192 Loaded shared library /home/ruddy/.vscode/extensions/redhat.java-1.15.0-linux-x64/jre/17.0.6-linux-x86_64/lib/libzip.so
Event: 0,208 Loaded shared library /home/ruddy/.vscode/extensions/redhat.java-1.15.0-linux-x64/jre/17.0.6-linux-x86_64/lib/libjimage.so
Event: 0,256 Loaded shared library /home/ruddy/.vscode/extensions/redhat.java-1.15.0-linux-x64/jre/17.0.6-linux-x86_64/lib/libverify.so
Event: 1,133 Loaded shared library /home/ruddy/.vscode/extensions/redhat.java-1.15.0-linux-x64/jre/17.0.6-linux-x86_64/lib/libnet.so
Event: 1,719 Loaded shared library /home/ruddy/.config/Code/User/globalStorage/redhat.java/1.15.0/config_linux/org.eclipse.equinox.launcher/org.eclipse.equinox.launcher.gtk.linux.x86_64_1.2.700.v20221108-1024/eclipse_11801.so
Event: 19,069 Loaded shared library /home/ruddy/.vscode/extensions/redhat.java-1.15.0-linux-x64/jre/17.0.6-linux-x86_64/lib/libextnet.so

Deoptimization events (20 events):
Event: 10120,906 Thread 0x00007f3ac00130f0 DEOPT PACKING pc=0x00007f3b4a320118 sp=0x00007f3b38bfd910
Event: 10120,906 Thread 0x00007f3ac00130f0 DEOPT UNPACKING pc=0x00007f3b4978d393 sp=0x00007f3b38bfd8b8 mode 2
Event: 10120,969 Thread 0x00007f3ac00130f0 Uncommon trap: trap_request=0xffffffde fr.pc=0x00007f3b4a0b8b68 relative=0x000000000000c328
Event: 10120,969 Thread 0x00007f3ac00130f0 Uncommon trap: reason=class_check action=maybe_recompile pc=0x00007f3b4a0b8b68 method=org.eclipse.jdt.internal.compiler.lookup.BinaryTypeBinding.createMethod(Lorg/eclipse/jdt/internal/compiler/env/IBinaryMethod;Lorg/eclipse/jdt/internal/compiler/env/IBina
Event: 10120,969 Thread 0x00007f3ac00130f0 DEOPT PACKING pc=0x00007f3b4a0b8b68 sp=0x00007f3b38bfcff0
Event: 10120,969 Thread 0x00007f3ac00130f0 DEOPT UNPACKING pc=0x00007f3b4978d393 sp=0x00007f3b38bfcfb8 mode 2
Event: 10120,970 Thread 0x00007f3ac00130f0 Uncommon trap: trap_request=0xffffffde fr.pc=0x00007f3b4a0b8b68 relative=0x000000000000c328
Event: 10120,970 Thread 0x00007f3ac00130f0 Uncommon trap: reason=class_check action=maybe_recompile pc=0x00007f3b4a0b8b68 method=org.eclipse.jdt.internal.compiler.lookup.BinaryTypeBinding.createMethod(Lorg/eclipse/jdt/internal/compiler/env/IBinaryMethod;Lorg/eclipse/jdt/internal/compiler/env/IBina
Event: 10120,970 Thread 0x00007f3ac00130f0 DEOPT PACKING pc=0x00007f3b4a0b8b68 sp=0x00007f3b38bfcf40
Event: 10120,970 Thread 0x00007f3ac00130f0 DEOPT UNPACKING pc=0x00007f3b4978d393 sp=0x00007f3b38bfcf08 mode 2
Event: 10121,732 Thread 0x00007f3ac0000ff0 DEOPT PACKING pc=0x00007f3b42596f07 sp=0x00007f3ae33fdde0
Event: 10121,732 Thread 0x00007f3ac0000ff0 DEOPT UNPACKING pc=0x00007f3b4978db10 sp=0x00007f3ae33fd310 mode 0
Event: 10122,535 Thread 0x00007f3ac00130f0 Uncommon trap: trap_request=0xffffff45 fr.pc=0x00007f3b4a3a90dc relative=0x0000000000001b1c
Event: 10122,535 Thread 0x00007f3ac00130f0 Uncommon trap: reason=unstable_if action=reinterpret pc=0x00007f3b4a3a90dc method=org.eclipse.core.internal.watson.ElementTree.getElementData(Lorg/eclipse/core/runtime/IPath;)Ljava/lang/Object; @ 17 c2
Event: 10122,535 Thread 0x00007f3ac00130f0 DEOPT PACKING pc=0x00007f3b4a3a90dc sp=0x00007f3b38bfd6a0
Event: 10122,535 Thread 0x00007f3ac00130f0 DEOPT UNPACKING pc=0x00007f3b4978d393 sp=0x00007f3b38bfd548 mode 2
Event: 10122,562 Thread 0x00007f3ad0007f80 Uncommon trap: trap_request=0xffffffc6 fr.pc=0x00007f3b4a35e9a4 relative=0x0000000000000884
Event: 10122,562 Thread 0x00007f3ad0007f80 Uncommon trap: reason=bimorphic_or_optimized_type_check action=maybe_recompile pc=0x00007f3b4a35e9a4 method=org.eclipse.jdt.internal.compiler.parser.Parser.consumeRule(I)V @ 5173 c2
Event: 10122,562 Thread 0x00007f3ad0007f80 DEOPT PACKING pc=0x00007f3b4a35e9a4 sp=0x00007f3ae05fe540
Event: 10122,562 Thread 0x00007f3ad0007f80 DEOPT UNPACKING pc=0x00007f3b4978d393 sp=0x00007f3ae05fe4f0 mode 2

Classes unloaded (7 events):
Event: 2,666 Thread 0x00007f3b54152da0 Unloading class 0x000000010021e800 'java/lang/invoke/LambdaForm$MH+0x000000010021e800'
Event: 2,666 Thread 0x00007f3b54152da0 Unloading class 0x000000010021e400 'java/lang/invoke/LambdaForm$MH+0x000000010021e400'
Event: 2,666 Thread 0x00007f3b54152da0 Unloading class 0x000000010021e000 'java/lang/invoke/LambdaForm$MH+0x000000010021e000'
Event: 2,666 Thread 0x00007f3b54152da0 Unloading class 0x000000010021d400 'java/lang/invoke/LambdaForm$MH+0x000000010021d400'
Event: 2,666 Thread 0x00007f3b54152da0 Unloading class 0x000000010021d000 'java/lang/invoke/LambdaForm$BMH+0x000000010021d000'
Event: 2,666 Thread 0x00007f3b54152da0 Unloading class 0x000000010021cc00 'java/lang/invoke/LambdaForm$DMH+0x000000010021cc00'
Event: 2,666 Thread 0x00007f3b54152da0 Unloading class 0x000000010021a000 'java/lang/invoke/LambdaForm$DMH+0x000000010021a000'

Classes redefined (0 events):
No events

Internal exceptions (20 events):
Event: 10122,405 Thread 0x00007f3b54747810 Implicit null exception at 0x00007f3b430e1bf0 to 0x00007f3b430e225d
Event: 10122,405 Thread 0x00007f3b54747810 Exception <a 'java/lang/NullPointerException'{0x00000000eb3699a0}> (0x00000000eb3699a0) 
thrown [src/hotspot/share/runtime/sharedRuntime.cpp, line 628]
Event: 10122,413 Thread 0x00007f3ae48b4b10 Exception <a 'sun/nio/fs/UnixException'{0x00000000eb3d23f8}> (0x00000000eb3d23f8) 
thrown [src/hotspot/share/prims/jni.cpp, line 516]
Event: 10122,454 Thread 0x00007f3ac00130f0 Implicit null exception at 0x00007f3b430e1bf0 to 0x00007f3b430e225d
Event: 10122,454 Thread 0x00007f3ac00130f0 Exception <a 'java/lang/NullPointerException'{0x00000000eb898e00}> (0x00000000eb898e00) 
thrown [src/hotspot/share/runtime/sharedRuntime.cpp, line 628]
Event: 10122,454 Thread 0x00007f3ac00130f0 Implicit null exception at 0x00007f3b430e1bf0 to 0x00007f3b430e225d
Event: 10122,454 Thread 0x00007f3ac00130f0 Exception <a 'java/lang/NullPointerException'{0x00000000eb8994c8}> (0x00000000eb8994c8) 
thrown [src/hotspot/share/runtime/sharedRuntime.cpp, line 628]
Event: 10122,535 Thread 0x00007f3ac00130f0 Implicit null exception at 0x00007f3b4a3a7b82 to 0x00007f3b4a3a90cc
Event: 10122,537 Thread 0x00007f3ac00130f0 Implicit null exception at 0x00007f3b430e1bf0 to 0x00007f3b430e225d
Event: 10122,537 Thread 0x00007f3ac00130f0 Exception <a 'java/lang/NullPointerException'{0x00000000eb0e3800}> (0x00000000eb0e3800) 
thrown [src/hotspot/share/runtime/sharedRuntime.cpp, line 628]
Event: 10122,537 Thread 0x00007f3ac00130f0 Implicit null exception at 0x00007f3b430e1bf0 to 0x00007f3b430e225d
Event: 10122,537 Thread 0x00007f3ac00130f0 Exception <a 'java/lang/NullPointerException'{0x00000000eb0e3eb0}> (0x00000000eb0e3eb0) 
thrown [src/hotspot/share/runtime/sharedRuntime.cpp, line 628]
Event: 10122,539 Thread 0x00007f3b300022a0 Implicit null exception at 0x00007f3b430e1bf0 to 0x00007f3b430e225d
Event: 10122,539 Thread 0x00007f3b300022a0 Exception <a 'java/lang/NullPointerException'{0x00000000eb196440}> (0x00000000eb196440) 
thrown [src/hotspot/share/runtime/sharedRuntime.cpp, line 628]
Event: 10122,539 Thread 0x00007f3b300022a0 Implicit null exception at 0x00007f3b430e1bf0 to 0x00007f3b430e225d
Event: 10122,539 Thread 0x00007f3b300022a0 Exception <a 'java/lang/NullPointerException'{0x00000000eb196dc0}> (0x00000000eb196dc0) 
thrown [src/hotspot/share/runtime/sharedRuntime.cpp, line 628]
Event: 10122,562 Thread 0x00007f3ad0007f80 Implicit null exception at 0x00007f3b430e1bf0 to 0x00007f3b430e225d
Event: 10122,562 Thread 0x00007f3ad0007f80 Exception <a 'java/lang/NullPointerException'{0x00000000eb535568}> (0x00000000eb535568) 
thrown [src/hotspot/share/runtime/sharedRuntime.cpp, line 628]
Event: 10122,563 Thread 0x00007f3ad0007f80 Implicit null exception at 0x00007f3b430e1bf0 to 0x00007f3b430e225d
Event: 10122,563 Thread 0x00007f3ad0007f80 Exception <a 'java/lang/NullPointerException'{0x00000000eb5391c0}> (0x00000000eb5391c0) 
thrown [src/hotspot/share/runtime/sharedRuntime.cpp, line 628]

VM Operations (20 events):
Event: 10118,267 Executing VM operation: HandshakeAllThreads done
Event: 10118,271 Executing VM operation: HandshakeAllThreads
Event: 10118,271 Executing VM operation: HandshakeAllThreads done
Event: 10118,274 Executing VM operation: HandshakeAllThreads
Event: 10118,274 Executing VM operation: HandshakeAllThreads done
Event: 10118,497 Executing VM operation: ParallelGCFailedAllocation
Event: 10118,504 Executing VM operation: ParallelGCFailedAllocation done
Event: 10119,504 Executing VM operation: Cleanup
Event: 10119,505 Executing VM operation: Cleanup done
Event: 10120,506 Executing VM operation: Cleanup
Event: 10120,506 Executing VM operation: Cleanup done
Event: 10120,751 Executing VM operation: ParallelGCFailedAllocation
Event: 10120,762 Executing VM operation: ParallelGCFailedAllocation done
Event: 10121,684 Executing VM operation: ParallelGCFailedAllocation
Event: 10121,693 Executing VM operation: ParallelGCFailedAllocation done
Event: 10122,103 Executing VM operation: ParallelGCFailedAllocation
Event: 10122,120 Executing VM operation: ParallelGCFailedAllocation done
Event: 10122,458 Executing VM operation: ParallelGCFailedAllocation
Event: 10122,475 Executing VM operation: ParallelGCFailedAllocation done
Event: 10122,655 Executing VM operation: ParallelGCFailedAllocation

Events (20 events):
Event: 10118,257 Thread 0x00007f3b541949e0 flushing nmethod 0x00007f3b424ee510
Event: 10118,259 Thread 0x00007f3b541949e0 flushing nmethod 0x00007f3b425f1010
Event: 10118,261 Thread 0x00007f3b541949e0 flushing nmethod 0x00007f3b42733c10
Event: 10118,268 Thread 0x00007f3b541949e0 flushing nmethod 0x00007f3b42a96590
Event: 10118,269 Thread 0x00007f3b541949e0 flushing nmethod 0x00007f3b42a9a790
Event: 10118,269 Thread 0x00007f3b541949e0 flushing nmethod 0x00007f3b42aa0510
Event: 10118,275 Thread 0x00007f3b541949e0 flushing nmethod 0x00007f3b42cdc590
Event: 10118,276 Thread 0x00007f3b541949e0 flushing nmethod 0x00007f3b42e34890
Event: 10118,276 Thread 0x00007f3b541949e0 flushing nmethod 0x00007f3b42ecb690
Event: 10118,276 Thread 0x00007f3b541949e0 flushing nmethod 0x00007f3b42edc990
Event: 10118,281 Thread 0x00007f3b14b9e5a0 Thread added: 0x00007f3b14b9e5a0
Event: 10118,281 Protecting memory [0x00007f3ae3e00000,0x00007f3ae3e04000] with protection modes 0
Event: 10118,357 loading class java/util/Spliterators$IntArraySpliterator
Event: 10118,357 loading class java/util/Spliterators$IntArraySpliterator done
Event: 10121,592 Thread 0x00007f3b14b9e5a0 Thread exited: 0x00007f3b14b9e5a0
Event: 10121,650 Thread 0x00007f3b14470c20 Thread added: 0x00007f3b14470c20
Event: 10121,651 Protecting memory [0x00007f3ae3e00000,0x00007f3ae3e04000] with protection modes 0
Event: 10122,559 Thread 0x00007f3ad0007f80 Thread added: 0x00007f3ad0007f80
Event: 10122,560 Protecting memory [0x00007f3ae0500000,0x00007f3ae0504000] with protection modes 0
Event: 10122,614 Thread 0x00007f3ad0007f80 Thread exited: 0x00007f3ad0007f80


Dynamic libraries:
c0000000-c7c00000 rw-p 00000000 00:00 0 
c7c00000-eab00000 ---p 00000000 00:00 0 
eab00000-ed400000 rw-p 00000000 00:00 0 
ed400000-100000000 ---p 00000000 00:00 0 
100000000-100020000 rw-p 00000000 00:00 0 
100020000-100040000 rw-p 00000000 00:00 0 
100040000-1000c0000 rw-p 00000000 00:00 0 
1000c0000-1000e0000 rw-p 00000000 00:00 0 
1000e0000-100140000 rw-p 00000000 00:00 0 
100140000-1001e0000 rw-p 00000000 00:00 0 
1001e0000-100260000 rw-p 00000000 00:00 0 
100260000-100280000 rw-p 00000000 00:00 0 
100280000-100340000 rw-p 00000000 00:00 0 
100340000-100380000 rw-p 00000000 00:00 0 
100380000-1006c0000 rw-p 00000000 00:00 0 
1006c0000-1006e0000 rw-p 00000000 00:00 0 
1006e0000-100700000 ---p 00000000 00:00 0 
100700000-100820000 rw-p 00000000 00:00 0 
100820000-140000000 ---p 00000000 00:00 0 
5574ec8e3000-5574ec8e4000 r--p 00000000 08:02 7893040                    /home/ruddy/.vscode/extensions/redhat.java-1.15.0-linux-x64/jre/17.0.6-linux-x86_64/bin/java
5574ec8e4000-5574ec8e5000 r-xp 00001000 08:02 7893040                    /home/ruddy/.vscode/extensions/redhat.java-1.15.0-linux-x64/jre/17.0.6-linux-x86_64/bin/java
5574ec8e5000-5574ec8e6000 r--p 00002000 08:02 7893040                    /home/ruddy/.vscode/extensions/redhat.java-1.15.0-linux-x64/jre/17.0.6-linux-x86_64/bin/java
5574ec8e6000-5574ec8e7000 r--p 00002000 08:02 7893040                    /home/ruddy/.vscode/extensions/redhat.java-1.15.0-linux-x64/jre/17.0.6-linux-x86_64/bin/java
5574ec8e7000-5574ec8e8000 rw-p 00003000 08:02 7893040                    /home/ruddy/.vscode/extensions/redhat.java-1.15.0-linux-x64/jre/17.0.6-linux-x86_64/bin/java
5574ed6e2000-5574ed94b000 rw-p 00000000 00:00 0                          [heap]
7f3ab6c00000-7f3ab6d40000 rw-p 00000000 00:00 0 
7f3ab6d40000-7f3ab7400000 ---p 00000000 00:00 0 
7f3ab7600000-7f3abfe0b000 r--s 00000000 08:02 7080062                    /usr/lib/jvm/java-11-openjdk-amd64/lib/modules
7f3ac0000000-7f3ac0396000 rw-p 00000000 00:00 0 
7f3ac0396000-7f3ac4000000 ---p 00000000 00:00 0 
7f3ac4000000-7f3ac42b7000 rw-p 00000000 00:00 0 
7f3ac42b7000-7f3ac8000000 ---p 00000000 00:00 0 
7f3ac8000000-7f3ac856a000 rw-p 00000000 00:00 0 
7f3ac856a000-7f3acc000000 ---p 00000000 00:00 0 
7f3acc000000-7f3acd8ac000 rw-p 00000000 00:00 0 
7f3acd8ac000-7f3ad0000000 ---p 00000000 00:00 0 
7f3ad0000000-7f3ad01c8000 rw-p 00000000 00:00 0 
7f3ad01c8000-7f3ad4000000 ---p 00000000 00:00 0 
7f3ad4000000-7f3ad44ac000 rw-p 00000000 00:00 0 
7f3ad44ac000-7f3ad8000000 ---p 00000000 00:00 0 
7f3ad8000000-7f3ad961f000 rw-p 00000000 00:00 0 
7f3ad961f000-7f3adc000000 ---p 00000000 00:00 0 
7f3adc000000-7f3adc076000 rw-p 00000000 00:00 0 
7f3adc076000-7f3ae0000000 ---p 00000000 00:00 0 
7f3ae01bd000-7f3ae01c1000 ---p 00000000 00:00 0 
7f3ae01c1000-7f3ae02bd000 rw-p 00000000 00:00 0 
7f3ae0500000-7f3ae0504000 ---p 00000000 00:00 0 
7f3ae0504000-7f3ae0600000 rw-p 00000000 00:00 0 
7f3ae0600000-7f3ae0604000 ---p 00000000 00:00 0 
7f3ae0604000-7f3ae0700000 rw-p 00000000 00:00 0 
7f3ae0700000-7f3ae0704000 ---p 00000000 00:00 0 
7f3ae0704000-7f3ae0f00000 rw-p 00000000 00:00 0 
7f3ae0f00000-7f3ae0f40000 rw-p 00000000 00:00 0 
7f3ae0f40000-7f3ae1000000 ---p 00000000 00:00 0 
7f3ae1000000-7f3ae1004000 ---p 00000000 00:00 0 
7f3ae1004000-7f3ae1100000 rw-p 00000000 00:00 0 
7f3ae1100000-7f3ae1104000 ---p 00000000 00:00 0 
7f3ae1104000-7f3ae1200000 rw-p 00000000 00:00 0 
7f3ae1200000-7f3ae1204000 ---p 00000000 00:00 0 
7f3ae1204000-7f3ae1300000 rw-p 00000000 00:00 0 
7f3ae1300000-7f3ae1304000 ---p 00000000 00:00 0 
7f3ae1304000-7f3ae1400000 rw-p 00000000 00:00 0 
7f3ae1400000-7f3ae1404000 ---p 00000000 00:00 0 
7f3ae1404000-7f3ae1500000 rw-p 00000000 00:00 0 
7f3ae1500000-7f3ae1504000 ---p 00000000 00:00 0 
7f3ae1504000-7f3ae1600000 rw-p 00000000 00:00 0 
7f3ae1600000-7f3ae1604000 ---p 00000000 00:00 0 
7f3ae1604000-7f3ae1700000 rw-p 00000000 00:00 0 
7f3ae1700000-7f3ae1704000 ---p 00000000 00:00 0 
7f3ae1704000-7f3ae1d00000 rw-p 00000000 00:00 0 
7f3ae1d00000-7f3ae1e00000 rw-p 00000000 00:00 0 
7f3ae1e00000-7f3ae2000000 rw-p 00000000 00:00 0 
7f3ae2000000-7f3ae2100000 rw-p 00000000 00:00 0 
7f3ae2100000-7f3ae2200000 rw-p 00000000 00:00 0 
7f3ae2200000-7f3ae2800000 rw-p 00000000 00:00 0 
7f3ae2800000-7f3ae3000000 rw-p 00000000 00:00 0 
7f3ae3000000-7f3ae3004000 ---p 00000000 00:00 0 
7f3ae3004000-7f3ae3100000 rw-p 00000000 00:00 0 
7f3ae3100000-7f3ae3104000 ---p 00000000 00:00 0 
7f3ae3104000-7f3ae3200000 rw-p 00000000 00:00 0 
7f3ae3200000-7f3ae3204000 ---p 00000000 00:00 0 
7f3ae3204000-7f3ae3300000 rw-p 00000000 00:00 0 
7f3ae3300000-7f3ae3304000 ---p 00000000 00:00 0 
7f3ae3304000-7f3ae3600000 rw-p 00000000 00:00 0 
7f3ae3600000-7f3ae3c00000 rw-p 00000000 00:00 0 
7f3ae3c2e000-7f3ae3c32000 ---p 00000000 00:00 0 
7f3ae3c32000-7f3ae3d2e000 rw-p 00000000 00:00 0 
7f3ae3e00000-7f3ae3e04000 ---p 00000000 00:00 0 
7f3ae3e04000-7f3ae3f00000 rw-p 00000000 00:00 0 
7f3ae3f00000-7f3ae3f04000 ---p 00000000 00:00 0 
7f3ae3f04000-7f3ae4000000 rw-p 00000000 00:00 0 
7f3ae4000000-7f3ae6618000 rw-p 00000000 00:00 0 
7f3ae6618000-7f3ae8000000 ---p 00000000 00:00 0 
7f3ae8000000-7f3ae978f000 rw-p 00000000 00:00 0 
7f3ae978f000-7f3aec000000 ---p 00000000 00:00 0 
7f3aec000000-7f3aec452000 rw-p 00000000 00:00 0 
7f3aec452000-7f3af0000000 ---p 00000000 00:00 0 
7f3af0000000-7f3af0120000 rw-p 00000000 00:00 0 
7f3af0120000-7f3af4000000 ---p 00000000 00:00 0 
7f3af4000000-7f3af4414000 rw-p 00000000 00:00 0 
7f3af4414000-7f3af8000000 ---p 00000000 00:00 0 
7f3af8000000-7f3af8284000 rw-p 00000000 00:00 0 
7f3af8284000-7f3afc000000 ---p 00000000 00:00 0 
7f3afc000000-7f3afc947000 rw-p 00000000 00:00 0 
7f3afc947000-7f3b00000000 ---p 00000000 00:00 0 
7f3b00000000-7f3b00021000 rw-p 00000000 00:00 0 
7f3b00021000-7f3b04000000 ---p 00000000 00:00 0 
7f3b04000000-7f3b04021000 rw-p 00000000 00:00 0 
7f3b04021000-7f3b08000000 ---p 00000000 00:00 0 
7f3b08000000-7f3b089e6000 rw-p 00000000 00:00 0 
7f3b089e6000-7f3b0c000000 ---p 00000000 00:00 0 
7f3b0c000000-7f3b0c3f2000 rw-p 00000000 00:00 0 
7f3b0c3f2000-7f3b10000000 ---p 00000000 00:00 0 
7f3b10000000-7f3b1002b000 rw-p 00000000 00:00 0 
7f3b1002b000-7f3b14000000 ---p 00000000 00:00 0 
7f3b14000000-7f3b17013000 rw-p 00000000 00:00 0 
7f3b17013000-7f3b18000000 ---p 00000000 00:00 0 
7f3b18000000-7f3b1a764000 rw-p 00000000 00:00 0 
7f3b1a764000-7f3b1c000000 ---p 00000000 00:00 0 
7f3b1c000000-7f3b1c0c4000 rw-p 00000000 00:00 0 
7f3b1c0c4000-7f3b20000000 ---p 00000000 00:00 0 
7f3b20000000-7f3b22929000 rw-p 00000000 00:00 0 
7f3b22929000-7f3b24000000 ---p 00000000 00:00 0 
7f3b24000000-7f3b24021000 rw-p 00000000 00:00 0 
7f3b24021000-7f3b28000000 ---p 00000000 00:00 0 
7f3b28000000-7f3b28021000 rw-p 00000000 00:00 0 
7f3b28021000-7f3b2c000000 ---p 00000000 00:00 0 
7f3b2c000000-7f3b2ce40000 rw-p 00000000 00:00 0 
7f3b2ce40000-7f3b30000000 ---p 00000000 00:00 0 
7f3b30000000-7f3b30021000 rw-p 00000000 00:00 0 
7f3b30021000-7f3b34000000 ---p 00000000 00:00 0 
7f3b34000000-7f3b374eb000 rw-p 00000000 00:00 0 
7f3b374eb000-7f3b38000000 ---p 00000000 00:00 0 
7f3b38000000-7f3b38300000 rw-p 00000000 00:00 0 
7f3b38300000-7f3b38400000 rw-p 00000000 00:00 0 
7f3b38400000-7f3b38500000 rw-p 00000000 00:00 0 
7f3b38500000-7f3b38600000 rw-p 00000000 00:00 0 
7f3b38600000-7f3b38800000 rw-p 00000000 00:00 0 
7f3b38800000-7f3b38804000 ---p 00000000 00:00 0 
7f3b38804000-7f3b38900000 rw-p 00000000 00:00 0 
7f3b38900000-7f3b38904000 ---p 00000000 00:00 0 
7f3b38904000-7f3b38a00000 rw-p 00000000 00:00 0 
7f3b38a00000-7f3b38a04000 ---p 00000000 00:00 0 
7f3b38a04000-7f3b38b00000 rw-p 00000000 00:00 0 
7f3b38b00000-7f3b38b04000 ---p 00000000 00:00 0 
7f3b38b04000-7f3b38c00000 rw-p 00000000 00:00 0 
7f3b38c00000-7f3b38c10000 r-xp 00000000 08:02 10228938                   /home/ruddy/.config/Code/User/globalStorage/redhat.java/1.15.0/config_linux/org.eclipse.equinox.launcher/org.eclipse.equinox.launcher.gtk.linux.x86_64_1.2.700.v20221108-1024/eclipse_11801.so
7f3b38c10000-7f3b38e0f000 ---p 00010000 08:02 10228938                   /home/ruddy/.config/Code/User/globalStorage/redhat.java/1.15.0/config_linux/org.eclipse.equinox.launcher/org.eclipse.equinox.launcher.gtk.linux.x86_64_1.2.700.v20221108-1024/eclipse_11801.so
7f3b38e0f000-7f3b38e10000 r--p 0000f000 08:02 10228938                   /home/ruddy/.config/Code/User/globalStorage/redhat.java/1.15.0/config_linux/org.eclipse.equinox.launcher/org.eclipse.equinox.launcher.gtk.linux.x86_64_1.2.700.v20221108-1024/eclipse_11801.so
7f3b38e10000-7f3b38e11000 rw-p 00010000 08:02 10228938                   /home/ruddy/.config/Code/User/globalStorage/redhat.java/1.15.0/config_linux/org.eclipse.equinox.launcher/org.eclipse.equinox.launcher.gtk.linux.x86_64_1.2.700.v20221108-1024/eclipse_11801.so
7f3b38e11000-7f3b38e12000 rw-p 00000000 00:00 0 
7f3b38efe000-7f3b38f02000 ---p 00000000 00:00 0 
7f3b38f02000-7f3b38ffe000 rw-p 00000000 00:00 0 
7f3b38ffe000-7f3b39002000 ---p 00000000 00:00 0 
7f3b39002000-7f3b390fe000 rw-p 00000000 00:00 0 
7f3b390fe000-7f3b39102000 ---p 00000000 00:00 0 
7f3b39102000-7f3b391fe000 rw-p 00000000 00:00 0 
7f3b391fe000-7f3b39202000 ---p 00000000 00:00 0 
7f3b39202000-7f3b392fe000 rw-p 00000000 00:00 0 
7f3b392fe000-7f3b392ff000 ---p 00000000 00:00 0 
7f3b392ff000-7f3b39500000 rw-p 00000000 00:00 0 
7f3b39500000-7f3b39700000 rw-p 00000000 00:00 0 
7f3b39700000-7f3b39980000 rw-p 00000000 00:00 0 
7f3b39980000-7f3b39b00000 rw-p 00000000 00:00 0 
7f3b39b00000-7f3b39c00000 rw-p 00000000 00:00 0 
7f3b39cfa000-7f3b39cfb000 ---p 00000000 00:00 0 
7f3b39cfb000-7f3b39dfc000 rw-p 00000000 00:00 0 
7f3b39dfc000-7f3b39dfd000 ---p 00000000 00:00 0 
7f3b39dfd000-7f3b39efe000 rw-p 00000000 00:00 0 
7f3b39efe000-7f3b39f02000 ---p 00000000 00:00 0 
7f3b39f02000-7f3b39ffe000 rw-p 00000000 00:00 0 
7f3b39ffe000-7f3b39fff000 ---p 00000000 00:00 0 
7f3b39fff000-7f3b3a100000 rw-p 00000000 00:00 0 
7f3b3a100000-7f3b3a104000 ---p 00000000 00:00 0 
7f3b3a104000-7f3b3a200000 rw-p 00000000 00:00 0 
7f3b3a200000-7f3b3a204000 ---p 00000000 00:00 0 
7f3b3a204000-7f3b3a300000 rw-p 00000000 00:00 0 
7f3b3a300000-7f3b3a304000 ---p 00000000 00:00 0 
7f3b3a304000-7f3b3a400000 rw-p 00000000 00:00 0 
7f3b3a400000-7f3b3a404000 ---p 00000000 00:00 0 
7f3b3a404000-7f3b3a500000 rw-p 00000000 00:00 0 
7f3b3a500000-7f3b3a504000 ---p 00000000 00:00 0 
7f3b3a504000-7f3b3a600000 rw-p 00000000 00:00 0 
7f3b3a600000-7f3b3a604000 ---p 00000000 00:00 0 
7f3b3a604000-7f3b3a700000 rw-p 00000000 00:00 0 
7f3b3a700000-7f3b3a704000 ---p 00000000 00:00 0 
7f3b3a704000-7f3b3a800000 rw-p 00000000 00:00 0 
7f3b3a800000-7f3b3b001000 r--p 00000000 08:02 5767621                    /usr/lib/locale/locale-archive
7f3b3b100000-7f3b3b104000 ---p 00000000 00:00 0 
7f3b3b104000-7f3b3b200000 rw-p 00000000 00:00 0 
7f3b3b200000-7f3b3b204000 ---p 00000000 00:00 0 
7f3b3b204000-7f3b3b300000 rw-p 00000000 00:00 0 
7f3b3b300000-7f3b3b304000 ---p 00000000 00:00 0 
7f3b3b304000-7f3b3b800000 rw-p 00000000 00:00 0 
7f3b3b800000-7f3b3b880000 rw-p 00000000 00:00 0 
7f3b3b880000-7f3b3b900000 rw-p 00000000 00:00 0 
7f3b3b900000-7f3b3bc00000 rw-p 00000000 00:00 0 
7f3b3bcfc000-7f3b3bcfd000 ---p 00000000 00:00 0 
7f3b3bcfd000-7f3b3c000000 rw-p 00000000 00:00 0 
7f3b3c000000-7f3b3c025000 rw-p 00000000 00:00 0 
7f3b3c025000-7f3b40000000 ---p 00000000 00:00 0 
7f3b400ff000-7f3b42200000 rw-p 00000000 00:00 0 
7f3b42200000-7f3b43530000 rwxp 00000000 00:00 0 
7f3b43530000-7f3b49737000 ---p 00000000 00:00 0 
7f3b49737000-7f3b499a7000 rwxp 00000000 00:00 0 
7f3b499a7000-7f3b49cc8000 ---p 00000000 00:00 0 
7f3b49cc8000-7f3b4a3d8000 rwxp 00000000 00:00 0 
7f3b4a3d8000-7f3b51200000 ---p 00000000 00:00 0 
7f3b51200000-7f3b53e14000 r--s 00000000 08:02 7893446                    /home/ruddy/.vscode/extensions/redhat.java-1.15.0-linux-x64/jre/17.0.6-linux-x86_64/lib/modules
7f3b53ed6000-7f3b53edd000 r--s 00000000 08:02 6427771                    /usr/lib/x86_64-linux-gnu/gconv/gconv-modules.cache
7f3b53edd000-7f3b53ee1000 ---p 00000000 00:00 0 
7f3b53ee1000-7f3b54000000 rw-p 00000000 00:00 0 
7f3b54000000-7f3b54c00000 rw-p 00000000 00:00 0 
7f3b54c00000-7f3b58000000 ---p 00000000 00:00 0 
7f3b58003000-7f3b58e28000 rw-p 00000000 00:00 0 
7f3b58e28000-7f3b58f40000 ---p 00000000 00:00 0 
7f3b58f40000-7f3b58f41000 ---p 00000000 00:00 0 
7f3b58f41000-7f3b59080000 rw-p 00000000 00:00 0 
7f3b59080000-7f3b59197000 ---p 00000000 00:00 0 
7f3b59197000-7f3b591ac000 rw-p 00000000 00:00 0 
7f3b591ac000-7f3b59242000 ---p 00000000 00:00 0 
7f3b59242000-7f3b59252000 rw-p 00000000 00:00 0 
7f3b59252000-7f3b5932e000 ---p 00000000 00:00 0 
7f3b5932e000-7f3b59355000 rw-p 00000000 00:00 0 
7f3b59355000-7f3b59419000 ---p 00000000 00:00 0 
7f3b59419000-7f3b5941d000 ---p 00000000 00:00 0 
7f3b5941d000-7f3b59519000 rw-p 00000000 00:00 0 
7f3b59519000-7f3b59527000 r--p 00000000 08:02 5769321                    /usr/lib/x86_64-linux-gnu/libm.so.6
7f3b59527000-7f3b595a3000 r-xp 0000e000 08:02 5769321                    /usr/lib/x86_64-linux-gnu/libm.so.6
7f3b595a3000-7f3b595fe000 r--p 0008a000 08:02 5769321                    /usr/lib/x86_64-linux-gnu/libm.so.6
7f3b595fe000-7f3b595ff000 r--p 000e4000 08:02 5769321                    /usr/lib/x86_64-linux-gnu/libm.so.6
7f3b595ff000-7f3b59600000 rw-p 000e5000 08:02 5769321                    /usr/lib/x86_64-linux-gnu/libm.so.6
7f3b59600000-7f3b59852000 r--p 00000000 08:02 7893456                    /home/ruddy/.vscode/extensions/redhat.java-1.15.0-linux-x64/jre/17.0.6-linux-x86_64/lib/server/libjvm.so
7f3b59852000-7f3b5a56f000 r-xp 00252000 08:02 7893456                    /home/ruddy/.vscode/extensions/redhat.java-1.15.0-linux-x64/jre/17.0.6-linux-x86_64/lib/server/libjvm.so
7f3b5a56f000-7f3b5a7fb000 r--p 00f6f000 08:02 7893456                    /home/ruddy/.vscode/extensions/redhat.java-1.15.0-linux-x64/jre/17.0.6-linux-x86_64/lib/server/libjvm.so
7f3b5a7fb000-7f3b5a8b4000 r--p 011fa000 08:02 7893456                    /home/ruddy/.vscode/extensions/redhat.java-1.15.0-linux-x64/jre/17.0.6-linux-x86_64/lib/server/libjvm.so
7f3b5a8b4000-7f3b5a8e9000 rw-p 012b3000 08:02 7893456                    /home/ruddy/.vscode/extensions/redhat.java-1.15.0-linux-x64/jre/17.0.6-linux-x86_64/lib/server/libjvm.so
7f3b5a8e9000-7f3b5a943000 rw-p 00000000 00:00 0 
7f3b5a943000-7f3b5a947000 r--p 00000000 08:02 7893444                    /home/ruddy/.vscode/extensions/redhat.java-1.15.0-linux-x64/jre/17.0.6-linux-x86_64/lib/libverify.so
7f3b5a947000-7f3b5a94e000 r-xp 00004000 08:02 7893444                    /home/ruddy/.vscode/extensions/redhat.java-1.15.0-linux-x64/jre/17.0.6-linux-x86_64/lib/libverify.so
7f3b5a94e000-7f3b5a950000 r--p 0000b000 08:02 7893444                    /home/ruddy/.vscode/extensions/redhat.java-1.15.0-linux-x64/jre/17.0.6-linux-x86_64/lib/libverify.so
7f3b5a950000-7f3b5a952000 r--p 0000c000 08:02 7893444                    /home/ruddy/.vscode/extensions/redhat.java-1.15.0-linux-x64/jre/17.0.6-linux-x86_64/lib/libverify.so
7f3b5a952000-7f3b5a953000 rw-p 0000e000 08:02 7893444                    /home/ruddy/.vscode/extensions/redhat.java-1.15.0-linux-x64/jre/17.0.6-linux-x86_64/lib/libverify.so
7f3b5a953000-7f3b5a957000 r--p 00000000 08:02 7893437                    /home/ruddy/.vscode/extensions/redhat.java-1.15.0-linux-x64/jre/17.0.6-linux-x86_64/lib/libnet.so
7f3b5a957000-7f3b5a965000 r-xp 00004000 08:02 7893437                    /home/ruddy/.vscode/extensions/redhat.java-1.15.0-linux-x64/jre/17.0.6-linux-x86_64/lib/libnet.so
7f3b5a965000-7f3b5a969000 r--p 00012000 08:02 7893437                    /home/ruddy/.vscode/extensions/redhat.java-1.15.0-linux-x64/jre/17.0.6-linux-x86_64/lib/libnet.so
7f3b5a969000-7f3b5a96a000 r--p 00015000 08:02 7893437                    /home/ruddy/.vscode/extensions/redhat.java-1.15.0-linux-x64/jre/17.0.6-linux-x86_64/lib/libnet.so
7f3b5a96a000-7f3b5a96b000 rw-p 00016000 08:02 7893437                    /home/ruddy/.vscode/extensions/redhat.java-1.15.0-linux-x64/jre/17.0.6-linux-x86_64/lib/libnet.so
7f3b5a96b000-7f3b5a972000 r--p 00000000 08:02 7893438                    /home/ruddy/.vscode/extensions/redhat.java-1.15.0-linux-x64/jre/17.0.6-linux-x86_64/lib/libnio.so
7f3b5a972000-7f3b5a97b000 r-xp 00007000 08:02 7893438                    /home/ruddy/.vscode/extensions/redhat.java-1.15.0-linux-x64/jre/17.0.6-linux-x86_64/lib/libnio.so
7f3b5a97b000-7f3b5a97f000 r--p 00010000 08:02 7893438                    /home/ruddy/.vscode/extensions/redhat.java-1.15.0-linux-x64/jre/17.0.6-linux-x86_64/lib/libnio.so
7f3b5a97f000-7f3b5a980000 ---p 00014000 08:02 7893438                    /home/ruddy/.vscode/extensions/redhat.java-1.15.0-linux-x64/jre/17.0.6-linux-x86_64/lib/libnio.so
7f3b5a980000-7f3b5a981000 r--p 00014000 08:02 7893438                    /home/ruddy/.vscode/extensions/redhat.java-1.15.0-linux-x64/jre/17.0.6-linux-x86_64/lib/libnio.so
7f3b5a981000-7f3b5a982000 rw-p 00015000 08:02 7893438                    /home/ruddy/.vscode/extensions/redhat.java-1.15.0-linux-x64/jre/17.0.6-linux-x86_64/lib/libnio.so
7f3b5a982000-7f3b5a9d7000 rw-p 00000000 00:00 0 
7f3b5a9d7000-7f3b5a9e4000 r--p 00000000 08:02 7893424                    /home/ruddy/.vscode/extensions/redhat.java-1.15.0-linux-x64/jre/17.0.6-linux-x86_64/lib/libjava.so
7f3b5a9e4000-7f3b5a9f6000 r-xp 0000d000 08:02 7893424                    /home/ruddy/.vscode/extensions/redhat.java-1.15.0-linux-x64/jre/17.0.6-linux-x86_64/lib/libjava.so
7f3b5a9f6000-7f3b5a9fc000 r--p 0001f000 08:02 7893424                    /home/ruddy/.vscode/extensions/redhat.java-1.15.0-linux-x64/jre/17.0.6-linux-x86_64/lib/libjava.so
7f3b5a9fc000-7f3b5a9fd000 ---p 00025000 08:02 7893424                    /home/ruddy/.vscode/extensions/redhat.java-1.15.0-linux-x64/jre/17.0.6-linux-x86_64/lib/libjava.so
7f3b5a9fd000-7f3b5a9fe000 r--p 00025000 08:02 7893424                    /home/ruddy/.vscode/extensions/redhat.java-1.15.0-linux-x64/jre/17.0.6-linux-x86_64/lib/libjava.so
7f3b5a9fe000-7f3b5a9ff000 rw-p 00026000 08:02 7893424                    /home/ruddy/.vscode/extensions/redhat.java-1.15.0-linux-x64/jre/17.0.6-linux-x86_64/lib/libjava.so
7f3b5a9ff000-7f3b5aa00000 rw-p 00000000 00:00 0 
7f3b5aa00000-7f3b5aa28000 r--p 00000000 08:02 5769313                    /usr/lib/x86_64-linux-gnu/libc.so.6
7f3b5aa28000-7f3b5abbd000 r-xp 00028000 08:02 5769313                    /usr/lib/x86_64-linux-gnu/libc.so.6
7f3b5abbd000-7f3b5ac15000 r--p 001bd000 08:02 5769313                    /usr/lib/x86_64-linux-gnu/libc.so.6
7f3b5ac15000-7f3b5ac19000 r--p 00214000 08:02 5769313                    /usr/lib/x86_64-linux-gnu/libc.so.6
7f3b5ac19000-7f3b5ac1b000 rw-p 00218000 08:02 5769313                    /usr/lib/x86_64-linux-gnu/libc.so.6
7f3b5ac1b000-7f3b5ac28000 rw-p 00000000 00:00 0 
7f3b5ac2c000-7f3b5ac2d000 r--p 00000000 08:02 7893417                    /home/ruddy/.vscode/extensions/redhat.java-1.15.0-linux-x64/jre/17.0.6-linux-x86_64/lib/libextnet.so
7f3b5ac2d000-7f3b5ac2e000 r-xp 00001000 08:02 7893417                    /home/ruddy/.vscode/extensions/redhat.java-1.15.0-linux-x64/jre/17.0.6-linux-x86_64/lib/libextnet.so
7f3b5ac2e000-7f3b5ac2f000 r--p 00002000 08:02 7893417                    /home/ruddy/.vscode/extensions/redhat.java-1.15.0-linux-x64/jre/17.0.6-linux-x86_64/lib/libextnet.so
7f3b5ac2f000-7f3b5ac30000 r--p 00002000 08:02 7893417                    /home/ruddy/.vscode/extensions/redhat.java-1.15.0-linux-x64/jre/17.0.6-linux-x86_64/lib/libextnet.so
7f3b5ac30000-7f3b5ac31000 rw-p 00003000 08:02 7893417                    /home/ruddy/.vscode/extensions/redhat.java-1.15.0-linux-x64/jre/17.0.6-linux-x86_64/lib/libextnet.so
7f3b5ac31000-7f3b5ac33000 r--p 00000000 08:02 7893445                    /home/ruddy/.vscode/extensions/redhat.java-1.15.0-linux-x64/jre/17.0.6-linux-x86_64/lib/libzip.so
7f3b5ac33000-7f3b5ac37000 r-xp 00002000 08:02 7893445                    /home/ruddy/.vscode/extensions/redhat.java-1.15.0-linux-x64/jre/17.0.6-linux-x86_64/lib/libzip.so
7f3b5ac37000-7f3b5ac39000 r--p 00006000 08:02 7893445                    /home/ruddy/.vscode/extensions/redhat.java-1.15.0-linux-x64/jre/17.0.6-linux-x86_64/lib/libzip.so
7f3b5ac39000-7f3b5ac3a000 r--p 00007000 08:02 7893445                    /home/ruddy/.vscode/extensions/redhat.java-1.15.0-linux-x64/jre/17.0.6-linux-x86_64/lib/libzip.so
7f3b5ac3a000-7f3b5ac3b000 rw-p 00008000 08:02 7893445                    /home/ruddy/.vscode/extensions/redhat.java-1.15.0-linux-x64/jre/17.0.6-linux-x86_64/lib/libzip.so
7f3b5ac3b000-7f3b5ac40000 rw-p 00000000 00:00 0 
7f3b5ac40000-7f3b5ac47000 ---p 00000000 00:00 0 
7f3b5ac47000-7f3b5ac4f000 rw-s 00000000 08:02 6816664                    /tmp/hsperfdata_ruddy/3683
7f3b5ac4f000-7f3b5ac53000 r--p 00000000 08:02 7893428                    /home/ruddy/.vscode/extensions/redhat.java-1.15.0-linux-x64/jre/17.0.6-linux-x86_64/lib/libjimage.so
7f3b5ac53000-7f3b5ac66000 r-xp 00004000 08:02 7893428                    /home/ruddy/.vscode/extensions/redhat.java-1.15.0-linux-x64/jre/17.0.6-linux-x86_64/lib/libjimage.so
7f3b5ac66000-7f3b5ac6c000 r--p 00017000 08:02 7893428                    /home/ruddy/.vscode/extensions/redhat.java-1.15.0-linux-x64/jre/17.0.6-linux-x86_64/lib/libjimage.so
7f3b5ac6c000-7f3b5ac6e000 r--p 0001c000 08:02 7893428                    /home/ruddy/.vscode/extensions/redhat.java-1.15.0-linux-x64/jre/17.0.6-linux-x86_64/lib/libjimage.so
7f3b5ac6e000-7f3b5ac6f000 rw-p 0001e000 08:02 7893428                    /home/ruddy/.vscode/extensions/redhat.java-1.15.0-linux-x64/jre/17.0.6-linux-x86_64/lib/libjimage.so
7f3b5ac6f000-7f3b5ac70000 r--p 00000000 08:02 5769353                    /usr/lib/x86_64-linux-gnu/librt.so.1
7f3b5ac70000-7f3b5ac71000 r-xp 00001000 08:02 5769353                    /usr/lib/x86_64-linux-gnu/librt.so.1
7f3b5ac71000-7f3b5ac72000 r--p 00002000 08:02 5769353                    /usr/lib/x86_64-linux-gnu/librt.so.1
7f3b5ac72000-7f3b5ac73000 r--p 00002000 08:02 5769353                    /usr/lib/x86_64-linux-gnu/librt.so.1
7f3b5ac73000-7f3b5ac74000 rw-p 00003000 08:02 5769353                    /usr/lib/x86_64-linux-gnu/librt.so.1
7f3b5ac74000-7f3b5ac78000 rw-p 00000000 00:00 0 
7f3b5ac78000-7f3b5ac79000 r--p 00000000 08:02 5769317                    /usr/lib/x86_64-linux-gnu/libdl.so.2
7f3b5ac79000-7f3b5ac7a000 r-xp 00001000 08:02 5769317                    /usr/lib/x86_64-linux-gnu/libdl.so.2
7f3b5ac7a000-7f3b5ac7b000 r--p 00002000 08:02 5769317                    /usr/lib/x86_64-linux-gnu/libdl.so.2
7f3b5ac7b000-7f3b5ac7c000 r--p 00002000 08:02 5769317                    /usr/lib/x86_64-linux-gnu/libdl.so.2
7f3b5ac7c000-7f3b5ac7d000 rw-p 00003000 08:02 5769317                    /usr/lib/x86_64-linux-gnu/libdl.so.2
7f3b5ac7d000-7f3b5ac7e000 r--p 00000000 08:02 5769348                    /usr/lib/x86_64-linux-gnu/libpthread.so.0
7f3b5ac7e000-7f3b5ac7f000 r-xp 00001000 08:02 5769348                    /usr/lib/x86_64-linux-gnu/libpthread.so.0
7f3b5ac7f000-7f3b5ac80000 r--p 00002000 08:02 5769348                    /usr/lib/x86_64-linux-gnu/libpthread.so.0
7f3b5ac80000-7f3b5ac81000 r--p 00002000 08:02 5769348                    /usr/lib/x86_64-linux-gnu/libpthread.so.0
7f3b5ac81000-7f3b5ac82000 rw-p 00003000 08:02 5769348                    /usr/lib/x86_64-linux-gnu/libpthread.so.0
7f3b5ac82000-7f3b5ac85000 r--p 00000000 08:02 7893429                    /home/ruddy/.vscode/extensions/redhat.java-1.15.0-linux-x64/jre/17.0.6-linux-x86_64/lib/libjli.so
7f3b5ac85000-7f3b5ac8f000 r-xp 00003000 08:02 7893429                    /home/ruddy/.vscode/extensions/redhat.java-1.15.0-linux-x64/jre/17.0.6-linux-x86_64/lib/libjli.so
7f3b5ac8f000-7f3b5ac92000 r--p 0000d000 08:02 7893429                    /home/ruddy/.vscode/extensions/redhat.java-1.15.0-linux-x64/jre/17.0.6-linux-x86_64/lib/libjli.so
7f3b5ac92000-7f3b5ac93000 ---p 00010000 08:02 7893429                    /home/ruddy/.vscode/extensions/redhat.java-1.15.0-linux-x64/jre/17.0.6-linux-x86_64/lib/libjli.so
7f3b5ac93000-7f3b5ac94000 r--p 00010000 08:02 7893429                    /home/ruddy/.vscode/extensions/redhat.java-1.15.0-linux-x64/jre/17.0.6-linux-x86_64/lib/libjli.so
7f3b5ac94000-7f3b5ac95000 rw-p 00011000 08:02 7893429                    /home/ruddy/.vscode/extensions/redhat.java-1.15.0-linux-x64/jre/17.0.6-linux-x86_64/lib/libjli.so
7f3b5ac95000-7f3b5ac97000 r--p 00000000 08:02 5767544                    /usr/lib/x86_64-linux-gnu/libz.so.1.2.11
7f3b5ac97000-7f3b5aca8000 r-xp 00002000 08:02 5767544                    /usr/lib/x86_64-linux-gnu/libz.so.1.2.11
7f3b5aca8000-7f3b5acae000 r--p 00013000 08:02 5767544                    /usr/lib/x86_64-linux-gnu/libz.so.1.2.11
7f3b5acae000-7f3b5acaf000 ---p 00019000 08:02 5767544                    /usr/lib/x86_64-linux-gnu/libz.so.1.2.11
7f3b5acaf000-7f3b5acb0000 r--p 00019000 08:02 5767544                    /usr/lib/x86_64-linux-gnu/libz.so.1.2.11
7f3b5acb0000-7f3b5acb1000 rw-p 0001a000 08:02 5767544                    /usr/lib/x86_64-linux-gnu/libz.so.1.2.11
7f3b5acb5000-7f3b5acb7000 r--p 00000000 08:02 7893419                    /home/ruddy/.vscode/extensions/redhat.java-1.15.0-linux-x64/jre/17.0.6-linux-x86_64/lib/libinstrument.so
7f3b5acb7000-7f3b5acbd000 r-xp 00002000 08:02 7893419                    /home/ruddy/.vscode/extensions/redhat.java-1.15.0-linux-x64/jre/17.0.6-linux-x86_64/lib/libinstrument.so
7f3b5acbd000-7f3b5acc0000 r--p 00008000 08:02 7893419                    /home/ruddy/.vscode/extensions/redhat.java-1.15.0-linux-x64/jre/17.0.6-linux-x86_64/lib/libinstrument.so
7f3b5acc0000-7f3b5acc1000 r--p 0000a000 08:02 7893419                    /home/ruddy/.vscode/extensions/redhat.java-1.15.0-linux-x64/jre/17.0.6-linux-x86_64/lib/libinstrument.so
7f3b5acc1000-7f3b5acc2000 rw-p 0000b000 08:02 7893419                    /home/ruddy/.vscode/extensions/redhat.java-1.15.0-linux-x64/jre/17.0.6-linux-x86_64/lib/libinstrument.so
7f3b5acc2000-7f3b5acc3000 ---p 00000000 00:00 0 
7f3b5acc3000-7f3b5acc4000 r--p 00000000 00:00 0 
7f3b5acc4000-7f3b5acc6000 rw-p 00000000 00:00 0 
7f3b5acc6000-7f3b5acc8000 r--p 00000000 08:02 5769305                    /usr/lib/x86_64-linux-gnu/ld-linux-x86-64.so.2
7f3b5acc8000-7f3b5acf2000 r-xp 00002000 08:02 5769305                    /usr/lib/x86_64-linux-gnu/ld-linux-x86-64.so.2
7f3b5acf2000-7f3b5acfd000 r--p 0002c000 08:02 5769305                    /usr/lib/x86_64-linux-gnu/ld-linux-x86-64.so.2
7f3b5acfd000-7f3b5acfe000 ---p 00000000 00:00 0 
7f3b5acfe000-7f3b5ad00000 r--p 00037000 08:02 5769305                    /usr/lib/x86_64-linux-gnu/ld-linux-x86-64.so.2
7f3b5ad00000-7f3b5ad02000 rw-p 00039000 08:02 5769305                    /usr/lib/x86_64-linux-gnu/ld-linux-x86-64.so.2
7ffd61b93000-7ffd61bb4000 rw-p 00000000 00:00 0                          [stack]
7ffd61bd1000-7ffd61bd5000 r--p 00000000 00:00 0                          [vvar]
7ffd61bd5000-7ffd61bd7000 r-xp 00000000 00:00 0                          [vdso]
ffffffffff600000-ffffffffff601000 --xp 00000000 00:00 0                  [vsyscall]


VM Arguments:
jvm_args: --add-modules=ALL-SYSTEM --add-opens=java.base/java.util=ALL-UNNAMED --add-opens=java.base/java.lang=ALL-UNNAMED --add-opens=java.base/sun.nio.fs=ALL-UNNAMED -Declipse.application=org.eclipse.jdt.ls.core.id1 -Dosgi.bundles.defaultStartLevel=4 -Declipse.product=org.eclipse.jdt.ls.core.product -Djava.import.generatesMetadataFilesAtProjectRoot=false -Dfile.encoding=utf8 -XX:+UseParallelGC -XX:GCTimeRatio=4 -XX:AdaptiveSizePolicyWeight=90 -Dsun.zip.disableMemoryMapping=true -Xmx1G -Xms100m -Xlog:disable -javaagent:/home/ruddy/.vscode/extensions/redhat.java-1.15.0-linux-x64/lombok/lombok-1.18.24.jar -XX:+HeapDumpOnOutOfMemoryError -XX:HeapDumpPath=/home/ruddy/.config/Code/User/workspaceStorage/7ea6b5de52ea92c2b0ecb0947ded12ec/redhat.java 
java_command: /home/ruddy/.vscode/extensions/redhat.java-1.15.0-linux-x64/server/plugins/org.eclipse.equinox.launcher_1.6.400.v20210924-0641.jar -configuration /home/ruddy/.config/Code/User/globalStorage/redhat.java/1.15.0/config_linux -data /home/ruddy/.config/Code/User/workspaceStorage/7ea6b5de52ea92c2b0ecb0947ded12ec/redhat.java/jdt_ws
java_class_path (initial): /home/ruddy/.vscode/extensions/redhat.java-1.15.0-linux-x64/server/plugins/org.eclipse.equinox.launcher_1.6.400.v20210924-0641.jar
Launcher Type: SUN_STANDARD

[Global flags]
    uintx AdaptiveSizePolicyWeight                 = 90                                        {product} {command line}
     intx CICompilerCount                          = 3                                         {product} {ergonomic}
    uintx GCTimeRatio                              = 4                                         {product} {command line}
     bool HeapDumpOnOutOfMemoryError               = true                                   {manageable} {command line}
    ccstr HeapDumpPath                             = /home/ruddy/.config/Code/User/workspaceStorage/7ea6b5de52ea92c2b0ecb0947ded12ec/redhat.java         {manageable} {command line}
   size_t InitialHeapSize                          = 104857600                                 {product} {command line}
   size_t MaxHeapSize                              = 1073741824                                {product} {command line}
   size_t MaxNewSize                               = 357564416                                 {product} {ergonomic}
   size_t MinHeapDeltaBytes                        = 524288                                    {product} {ergonomic}
   size_t MinHeapSize                              = 104857600                                 {product} {command line}
   size_t NewSize                                  = 34603008                                  {product} {ergonomic}
    uintx NonNMethodCodeHeapSize                   = 5832780                                {pd product} {ergonomic}
    uintx NonProfiledCodeHeapSize                  = 122912730                              {pd product} {ergonomic}
   size_t OldSize                                  = 70254592                                  {product} {ergonomic}
    uintx ProfiledCodeHeapSize                     = 122912730                              {pd product} {ergonomic}
    uintx ReservedCodeCacheSize                    = 251658240                              {pd product} {ergonomic}
     bool SegmentedCodeCache                       = true                                      {product} {ergonomic}
   size_t SoftMaxHeapSize                          = 1073741824                             {manageable} {ergonomic}
     bool UseCompressedClassPointers               = true                           {product lp64_product} {ergonomic}
     bool UseCompressedOops                        = true                           {product lp64_product} {ergonomic}
     bool UseParallelGC                            = true                                      {product} {command line}

Logging:
Log output configuration:
 #0: stdout all=off uptime,level,tags
 #1: stderr all=off uptime,level,tags

Environment Variables:
PATH=/home/ruddy/.local/bin:/home/ruddy/.local/bin:/usr/local/sbin:/usr/local/bin:/usr/sbin:/usr/bin:/sbin:/bin:/usr/games:/usr/local/games:/snap/bin:/home/ruddy/.local/share/coursier/bin:/home/ruddy/.local/share/coursier/bin
USERNAME=ruddy
SHELL=/bin/bash
DISPLAY=:0
LANG=en_US.UTF-8
LC_NUMERIC=es_BO.UTF-8
LC_TIME=es_BO.UTF-8

Signal Handlers:
   SIGSEGV: crash_handler in libjvm.so, mask=11100100010111111101111111111110, flags=SA_RESTART|SA_SIGINFO
    SIGBUS: crash_handler in libjvm.so, mask=11100100010111111101111111111110, flags=SA_RESTART|SA_SIGINFO
    SIGFPE: crash_handler in libjvm.so, mask=11100100010111111101111111111110, flags=SA_RESTART|SA_SIGINFO
   SIGPIPE: javaSignalHandler in libjvm.so, mask=11100100010111111101111111111110, flags=SA_RESTART|SA_SIGINFO
   SIGXFSZ: javaSignalHandler in libjvm.so, mask=11100100010111111101111111111110, flags=SA_RESTART|SA_SIGINFO
    SIGILL: crash_handler in libjvm.so, mask=11100100010111111101111111111110, flags=SA_RESTART|SA_SIGINFO
   SIGUSR2: SR_handler in libjvm.so, mask=00000000000000000000000000000000, flags=SA_RESTART|SA_SIGINFO
    SIGHUP: UserHandler in libjvm.so, mask=11100100010111111101111111111110, flags=SA_RESTART|SA_SIGINFO
    SIGINT: UserHandler in libjvm.so, mask=11100100010111111101111111111110, flags=SA_RESTART|SA_SIGINFO
   SIGTERM: UserHandler in libjvm.so, mask=11100100010111111101111111111110, flags=SA_RESTART|SA_SIGINFO
   SIGQUIT: UserHandler in libjvm.so, mask=11100100010111111101111111111110, flags=SA_RESTART|SA_SIGINFO
   SIGTRAP: crash_handler in libjvm.so, mask=11100100010111111101111111111110, flags=SA_RESTART|SA_SIGINFO


---------------  S Y S T E M  ---------------

OS:
DISTRIB_ID=Ubuntu
DISTRIB_RELEASE=22.04
DISTRIB_CODENAME=jammy
DISTRIB_DESCRIPTION="Ubuntu 22.04.1 LTS"
uname: Linux 5.19.0-46-generic #47~22.04.1-Ubuntu SMP PREEMPT_DYNAMIC Wed Jun 21 15:35:31 UTC 2 x86_64
OS uptime: 0 days 2:51 hours
libc: glibc 2.35 NPTL 2.35 
rlimit (soft/hard): STACK 8192k/infinity , CORE 0k/infinity , NPROC 63123/63123 , NOFILE 1048576/1048576 , AS infinity/infinity , CPU infinity/infinity , DATA infinity/infinity , FSIZE infinity/infinity , MEMLOCK 2029892k/2029892k
load average: 3,44 2,34 2,14

/proc/meminfo:
MemTotal:       16239140 kB
MemFree:         2994008 kB
MemAvailable:    8112688 kB
Buffers:          246544 kB
Cached:          6291908 kB
SwapCached:            0 kB
Active:          1666068 kB
Inactive:        9918664 kB
Active(anon):      15532 kB
Inactive(anon):  6383784 kB
Active(file):    1650536 kB
Inactive(file):  3534880 kB
Unevictable:     1031820 kB
Mlocked:              64 kB
SwapTotal:       2097148 kB
SwapFree:        2097148 kB
Zswap:                 0 kB
Zswapped:              0 kB
Dirty:               608 kB
Writeback:             0 kB
AnonPages:       6078168 kB
Mapped:          1502704 kB
Shmem:           1352840 kB
KReclaimable:     282444 kB
Slab:             447800 kB
SReclaimable:     282444 kB
SUnreclaim:       165356 kB
KernelStack:       25168 kB
PageTables:        73588 kB
NFS_Unstable:          0 kB
Bounce:                0 kB
WritebackTmp:          0 kB
CommitLimit:    10216716 kB
Committed_AS:   20019820 kB
VmallocTotal:   34359738367 kB
VmallocUsed:       50020 kB
VmallocChunk:          0 kB
Percpu:             4400 kB
HardwareCorrupted:     0 kB
AnonHugePages:     83968 kB
ShmemHugePages:        0 kB
ShmemPmdMapped:        0 kB
FileHugePages:         0 kB
FilePmdMapped:         0 kB
HugePages_Total:       0
HugePages_Free:        0
HugePages_Rsvd:        0
HugePages_Surp:        0
Hugepagesize:       2048 kB
Hugetlb:               0 kB
DirectMap4k:      362356 kB
DirectMap2M:    13135872 kB
DirectMap1G:     3145728 kB

/sys/kernel/mm/transparent_hugepage/enabled: always [madvise] never
/sys/kernel/mm/transparent_hugepage/defrag (defrag/compaction efforts parameter): always defer defer+madvise [madvise] never

Process Memory:
Virtual Size: 4772820K (peak: 4775864K)
Resident Set Size: 556300K (peak: 556300K) (anon: 523228K, file: 33072K, shmem: 0K)
Swapped out: 0K
C-Heap outstanding allocations: 78716K, retained: 195719K
glibc malloc tunables: (default)

/proc/sys/kernel/threads-max (system-wide limit on the number of threads): 126246
/proc/sys/vm/max_map_count (maximum number of memory map areas a process may have): 65530
/proc/sys/kernel/pid_max (system-wide limit on number of process identifiers): 4194304

container (cgroup) information:
container_type: cgroupv2
cpu_cpuset_cpus: not supported
cpu_memory_nodes: not supported
active_processor_count: 4
cpu_quota: not supported
cpu_period: not supported
cpu_shares: not supported
memory_limit_in_bytes: unlimited
memory_and_swap_limit_in_bytes: unlimited
memory_soft_limit_in_bytes: unlimited
memory_usage_in_bytes: 3924564 k
memory_max_usage_in_bytes: not supported
memory_swap_current_in_bytes: unlimited
memory_swap_max_limit_in_bytes: unlimited
maximum number of tasks: 18936
current number of tasks: 424

Steal ticks since vm start: 0
Steal ticks percentage since vm start:  0,000

CPU: total 4 (initial active 4) (2 cores per cpu, 2 threads per core) family 6 model 158 stepping 9 microcode 0xf0, cx8, cmov, fxsr, ht, mmx, 3dnowpref, sse, sse2, sse3, ssse3, sse4.1, sse4.2, popcnt, lzcnt, tsc, tscinvbit, aes, erms, clmul, clflush, clflushopt
CPU Model and flags from /proc/cpuinfo:
model name	: Intel(R) Pentium(R) CPU G4560 @ 3.50GHz
flags		: fpu vme de pse tsc msr pae mce cx8 apic sep mtrr pge mca cmov pat pse36 clflush dts acpi mmx fxsr sse sse2 ss ht tm pbe syscall nx pdpe1gb rdtscp lm constant_tsc art arch_perfmon pebs bts rep_good nopl xtopology nonstop_tsc cpuid aperfmperf pni pclmulqdq dtes64 monitor ds_cpl est tm2 ssse3 sdbg cx16 xtpr pdcm pcid sse4_1 sse4_2 x2apic movbe popcnt tsc_deadline_timer aes xsave rdrand lahf_lm abm 3dnowprefetch cpuid_fault invpcid_single pti ssbd ibrs ibpb stibp fsgsbase tsc_adjust smep erms invpcid mpx rdseed smap clflushopt intel_pt xsaveopt xsavec xgetbv1 xsaves dtherm arat pln pts hwp hwp_notify hwp_act_window hwp_epp md_clear flush_l1d arch_capabilities

Online cpus: 0-3
Offline cpus: 
BIOS frequency limitation: <Not Available>
Frequency switch latency (ns): 0
Available cpu frequencies: <Not Available>
Current governor: powersave
Core performance/turbo boost: <Not Available>

Memory: 4k page, physical 16239140k(2994008k free), swap 2097148k(2097148k free)
Page Sizes: 4k

vm_info: OpenJDK 64-Bit Server VM (17.0.6+10) for linux-amd64 JRE (17.0.6+10), built on Jan 17 2023 00:00:00 by "temurin" with gcc 10.3.0

END.
